
Cadence Innovus(TM) Implementation System.
Copyright 2017 Cadence Design Systems, Inc. All rights reserved worldwide.

Version:	v17.11-s080_1, built Fri Aug 4 11:13:11 PDT 2017
Options:	
Date:		Thu Nov 27 00:08:42 2025
Host:		mario.ece.utexas.edu (x86_64 w/Linux 4.18.0-553.82.1.el8_10.x86_64) (16cores*64cpus*Intel(R) Xeon(R) Gold 5218 CPU @ 2.30GHz 22528KB)
OS:		Red Hat Enterprise Linux release 8.10 (Ootpa)

License:
		invs	Innovus Implementation System	17.1	checkout succeeded
		8 CPU jobs allowed with the current license(s). Use setMultiCpuUsage to set your required CPU count.
**ERROR: (IMPOAX-142):	Could not open shared library libinnovusoax22.so : /usr/local/packages/cadence_2017/innovus171/tools.lnx86/lib/64bit/libstdc++.so.6: version `CXXABI_1.3.8' not found (required by /usr/local/packages/cadence_2022/INNOVUS211/oa_v22.60.087/lib/linux_rhel60_64/opt/liboaDesign.so)

**ERROR: (IMPOAX-142):	Could not open shared library libcdsSkillPcell.so : /usr/local/packages/cadence_2017/innovus171/tools.lnx86/lib/64bit/libcdsSkillPcell.so: undefined symbol: _ZTIN12OpenAccess_413oaFSComponentE

**ERROR: (IMPOAX-142):	OA features will be disabled in this session.

Change the soft stacksize limit to 0.2%RAM (771 mbytes). Set global soft_stack_size_limit to change the value.

**INFO:  MMMC transition support version v31-84 

<CMD> set_global _enable_mmmc_by_default_flow      $CTE::mmmc_default
<CMD> suppressMessage ENCEXT-2799
<CMD> getVersion
<CMD> getDrawView
<CMD> loadWorkspace -name Physical
<CMD> win
<CMD> set init_gnd_net 1'b0
<CMD> set init_lef_file gscl45nm.lef
<CMD> set init_design_settop 0
<CMD> set init_verilog {apr45nm.v synth_core.v}
<CMD> set init_pwr_net 1'b1
<CMD> init_design
**ERROR: (IMPOAX-820):	The OA features are disabled in the current session of Innovus because the oax shared library could not be loaded properly. This could be because your installation was not properly configured. To enable OA features, exit the current session and re-launch Innovus either after fixing your installation by running the Configure Installation phase, or after setting the OA_HOME variable to point to a proper OA installation. Check the "OpenAccess Installation and Configuration Guide" manual for more information.

**ERROR: (IMPOAX-850):	oaxCreateCdsLibArray command cannot be run as OA features are disabled in this session.

Loading LEF file gscl45nm.lef ...
**WARN: (IMPLF-155):	ViaRule only supports routing/cut layer, but poly layer found for viaRule 'M1_POLY', 
Set DBUPerIGU to M2 pitch 380.

viaInitial starts at Thu Nov 27 00:10:24 2025
viaInitial ends at Thu Nov 27 00:10:24 2025
*** End library_loading (cpu=0.00min, real=0.00min, mem=0.0M, fe_cpu=0.20min, fe_real=1.70min, fe_mem=533.0M) ***
#% Begin Load netlist data ... (date=11/27 00:10:24, mem=517.0M)
*** Begin netlist parsing (mem=533.0M) ***
Created 0 new cells from 0 timing libraries.
Reading netlist ...
Backslashed names will retain backslash and a trailing blank character.
Reading verilog netlist 'apr45nm.v'
Reading verilog netlist 'synth_core.v'

*** Memory Usage v#1 (Current mem = 536.047M, initial mem = 194.469M) ***
*** End netlist parsing (cpu=0:00:00.0, real=0:00:00.0, mem=536.0M) ***
#% End Load netlist data ... (date=11/27 00:10:24, total cpu=0:00:00.0, real=0:00:00.0, peak res=521.6M, current mem=521.6M)
Top level cell is core.
Hooked 0 DB cells to tlib cells.
Starting recursive module instantiation check.
No recursion found.
Building hierarchical netlist for Cell core ...
*** Netlist is unique.
Set DBUPerIGU to techSite CoreSite width 760.
** info: there are 105 modules.
** info: there are 2556 stdCell insts.

*** Memory Usage v#1 (Current mem = 546.711M, initial mem = 194.469M) ***
Horizontal Layer M1 offset = 190 (guessed)
Vertical Layer M2 offset = 190 (guessed)
Suggestion: specify LAYER OFFSET in LEF file
Reason: hard to extract LAYER OFFSET from standard cells
Generated pitch 1.68 in metal10 is different from 1.71 defined in technology file in preferred direction.
Generated pitch 0.84 in metal8 is different from 0.855 defined in technology file in preferred direction.
Generated pitch 0.95 in metal7 is different from 0.855 defined in technology file in preferred direction.
Generated pitch 0.28 in metal6 is different from 0.285 defined in technology file in preferred direction.
Generated pitch 0.28 in metal4 is different from 0.285 defined in technology file in preferred direction.
Set Default Net Delay as 1000 ps.
Set Default Net Load as 0.5 pF. 
Set Default Input Pin Transition as 0.1 ps.
**WARN: (IMPSYT-7328):	The design has been initialized in physical-only mode because the init_mmmc_file global variable was not defined. Timing analysis will not be possible within this session. You can only use commands that do not depend on timing data. If you need to use timing, you need to restart with an init_mmmc_file to define the timing setup, or you can save this design and use restoreDesign -mmmc_file <viewDef.tcl> to add the timing setup information.
Extraction setup Started 

*** Summary of all messages that are not suppressed in this session:
Severity  ID               Count  Summary                                  
WARNING   IMPLF-155            1  ViaRule only supports routing/cut layer,...
WARNING   IMPSYT-7328          1  The design has been initialized in physi...
ERROR     IMPOAX-820           1  The OA features are disabled in the curr...
ERROR     IMPOAX-850           1  %s command cannot be run as OA features ...
*** Message Summary: 2 warning(s), 2 error(s)

<CMD> getIoFlowFlag
<CMD> getIoFlowFlag
<CMD> setFPlanRowSpacingAndType 5.0 1
Row spacing should be a multiple of the first horizontal routing layer pitch.
Adjusting row spacing to 5.13.
<CMD> setIoFlowFlag 0
<CMD> floorPlan -flip n -site CoreSite -r 1 0.6 10.0 10.0 10.0 10.0
Horizontal Layer M1 offset = 190 (guessed)
Vertical Layer M2 offset = 190 (guessed)
Suggestion: specify LAYER OFFSET in LEF file
Reason: hard to extract LAYER OFFSET from standard cells
Generated pitch 1.68 in metal10 is different from 1.71 defined in technology file in preferred direction.
Generated pitch 0.84 in metal8 is different from 0.855 defined in technology file in preferred direction.
Generated pitch 0.95 in metal7 is different from 0.855 defined in technology file in preferred direction.
Generated pitch 0.28 in metal6 is different from 0.285 defined in technology file in preferred direction.
Generated pitch 0.28 in metal4 is different from 0.285 defined in technology file in preferred direction.
**WARN: (IMPFP-325):	Floorplan of the design is resized. All current floorplan objects are automatically derived based on specified new floorplan. This may change blocks, fixed standard cells, existing routes and blockages.
<CMD> uiSetTool select
<CMD> getIoFlowFlag
<CMD> fit
<CMD> set sprCreateIeRingOffset 1.0
<CMD> set sprCreateIeRingThreshold 1.0
<CMD> set sprCreateIeRingJogDistance 1.0
<CMD> set sprCreateIeRingLayers {}
<CMD> set sprCreateIeRingOffset 1.0
<CMD> set sprCreateIeRingThreshold 1.0
<CMD> set sprCreateIeRingJogDistance 1.0
<CMD> set sprCreateIeRingLayers {}
<CMD> set sprCreateIeStripeWidth 10.0
<CMD> set sprCreateIeStripeThreshold 1.0
<CMD> set sprCreateIeStripeWidth 10.0
<CMD> set sprCreateIeStripeThreshold 1.0
<CMD> set sprCreateIeRingOffset 1.0
<CMD> set sprCreateIeRingThreshold 1.0
<CMD> set sprCreateIeRingJogDistance 1.0
<CMD> set sprCreateIeRingLayers {}
<CMD> set sprCreateIeStripeWidth 10.0
<CMD> set sprCreateIeStripeThreshold 1.0
<CMD> setAddRingMode -ring_target default -extend_over_row 0 -ignore_rows 0 -avoid_short 0 -skip_crossing_trunks none -stacked_via_top_layer metal10 -stacked_via_bottom_layer metal1 -via_using_exact_crossover_size 1 -orthogonal_only true -skip_via_on_pin {  standardcell } -skip_via_on_wire_shape {  noshape }
The ring targets are set to core/block ring wires.
addRing command will consider rows while creating rings.
addRing command will disallow rings to go over rows.
addRing command will ignore shorts while creating rings.
<CMD> addRing -nets {} -type core_rings -follow core -layer {top metal1 bottom metal1 left metal2 right metal2} -width {top 0.5 bottom 0.5 left 0.5 right 0.5} -spacing {top 0.3 bottom 0.3 left 0.3 right 0.3} -offset {top 1.8 bottom 1.8 left 1.8 right 1.8} -center 1 -extend_corner {} -threshold 0 -jog_distance 0 -snap_wire_center_to_grid None

**ERROR: Error: Invalid net names specified. 
<CMD> setAddRingMode -ring_target default -extend_over_row 0 -ignore_rows 0 -avoid_short 0 -skip_crossing_trunks none -stacked_via_top_layer metal10 -stacked_via_bottom_layer metal1 -via_using_exact_crossover_size 1 -orthogonal_only true -skip_via_on_pin {  standardcell } -skip_via_on_wire_shape {  noshape }
The ring targets are set to core/block ring wires.
addRing command will consider rows while creating rings.
addRing command will disallow rings to go over rows.
addRing command will ignore shorts while creating rings.
<CMD> addRing -nets {1'b0 1'b1} -type core_rings -follow core -layer {top metal1 bottom metal1 left metal2 right metal2} -width {top 0.5 bottom 0.5 left 0.5 right 0.5} -spacing {top 0.3 bottom 0.3 left 0.3 right 0.3} -offset {top 1.8 bottom 1.8 left 1.8 right 1.8} -center 1 -extend_corner {} -threshold 0 -jog_distance 0 -snap_wire_center_to_grid None

Ring generation is complete.
vias are now being generated.
addRing created 8 wires.
ViaGen created 8 vias, deleted 0 via to avoid violation.
+--------+----------------+----------------+
|  Layer |     Created    |     Deleted    |
+--------+----------------+----------------+
| metal1 |        4       |       NA       |
|  via1  |        8       |        0       |
| metal2 |        4       |       NA       |
+--------+----------------+----------------+
**WARN: (IMPTCM-77):	Option "-drouteStartIteration" for command getNanoRouteMode is obsolete and will be removed in a future release. The obsolete option still works in this release but to avoid this warning and to ensure compatibility with future releases, remove the obsolete option from your script.
**WARN: (IMPTCM-77):	Option "-modulePlan" for command getPlaceMode is obsolete and will be removed in a future release. The obsolete option still works in this release but to avoid this warning and to ensure compatibility with future releases, remove the obsolete option from your script.
**WARN: (IMPTCM-125):	Option "-checkPinLayerForAccess" for command getPlaceMode is obsolete and will be ignored. It no longer has any effect and should be removed from your script.
<CMD> setRouteMode -earlyGlobalHonorMsvRouteConstraint false -earlyGlobalRoutePartitionPinGuide true
<CMD> setEndCapMode -reset
<CMD> setEndCapMode -boundary_tap false
<CMD> setNanoRouteMode -quiet -droutePostRouteSpreadWire 1
**WARN: (IMPTCM-77):	Option "-drouteStartIteration" for command getNanoRouteMode is obsolete and will be removed in a future release. The obsolete option still works in this release but to avoid this warning and to ensure compatibility with future releases, remove the obsolete option from your script.
**WARN: (IMPTCM-77):	Option "-drouteStartIteration" for command getNanoRouteMode is obsolete and will be removed in a future release. The obsolete option still works in this release but to avoid this warning and to ensure compatibility with future releases, remove the obsolete option from your script.
**WARN: (IMPTCM-77):	Option "-envDontUseLicsForThreadings" for command getNanoRouteMode is obsolete and will be removed in a future release. The obsolete option still works in this release but to avoid this warning and to ensure compatibility with future releases, remove the obsolete option from your script.
**WARN: (IMPTCM-77):	Option "-routeAllowPowerGroundPin" for command getNanoRouteMode is obsolete and will be removed in a future release. The obsolete option still works in this release but to avoid this warning and to ensure compatibility with future releases, remove the obsolete option from your script.
**WARN: (IMPTCM-77):	Option "-routeAllowPowerGroundPin" for command getNanoRouteMode is obsolete and will be removed in a future release. The obsolete option still works in this release but to avoid this warning and to ensure compatibility with future releases, remove the obsolete option from your script.
**WARN: (IMPTCM-77):	Option "-routeEcoOnlyInLayers" for command getNanoRouteMode is obsolete and will be removed in a future release. The obsolete option still works in this release but to avoid this warning and to ensure compatibility with future releases, remove the obsolete option from your script.
<CMD> setUsefulSkewMode -maxSkew false -noBoundary false -useCells {} -maxAllowedDelay 1
**WARN: (IMPOPT-6036):	-useCells list is empty.
**WARN: (IMPTCM-77):	Option "-modulePlan" for command getPlaceMode is obsolete and will be removed in a future release. The obsolete option still works in this release but to avoid this warning and to ensure compatibility with future releases, remove the obsolete option from your script.
<CMD> setPlaceMode -reset
<CMD> setPlaceMode -congEffort auto -timingDriven 1 -modulePlan 1 -clkGateAware 0 -powerDriven 0 -ignoreScan 1 -reorderScan 1 -ignoreSpare 1 -placeIOPins 1 -moduleAwareSpare 0 -checkPinLayerForAccess {  1 } -preserveRouting 0 -rmAffectedRouting 0 -checkRoute 0 -swapEEQ 0
**WARN: (IMPTCM-77):	Option "-modulePlan" for command setPlaceMode is obsolete and will be removed in a future release. The obsolete option still works in this release but to avoid this warning and to ensure compatibility with future releases, remove the obsolete option from your script.
**WARN: (IMPTCM-125):	Option "-checkPinLayerForAccess" for command setPlaceMode is obsolete and will be ignored. It no longer has any effect and should be removed from your script.
<CMD> setPlaceMode -fp false
<CMD> placeDesign
**WARN: (IMPSP-9513):	Timing constraint file does not exist
**WARN: (IMPSP-9514):	Non-TimingDriven placement will be performed.
*** Starting placeDesign default flow ***
Deleted 0 physical inst  (cell - / prefix -).
Extracting standard cell pins and blockage ...... 
Pin and blockage extraction finished
Extracting macro/IO cell pins and blockage ...... 
Pin and blockage extraction finished
*** Starting "NanoPlace(TM) placement v#10 (mem=868.0M)" ...
No user setting net weight.
Options: ignoreScan ignoreSpare pinGuide congEffort=auto gpeffort=medium 
**WARN: (IMPSP-9042):	Scan chains were not defined, -place_global_ignore_scan option will be ignored.
Define the scan chains before using this option.
Type 'man IMPSP-9042' for more detail.
#std cell=2556 (0 fixed + 2556 movable) #block=0 (0 floating + 0 preplaced)
#ioInst=0 #net=2683 #term=8286 #term/net=3.09, #fixedIo=0, #floatIo=0, #fixedPin=0, #floatPin=276
stdCell: 2556 single + 0 double + 0 multi
Total standard cell length = 2.5886 (mm), area = 0.0064 (mm^2)
**Info: (IMPSP-307): Design contains fractional 20 cells.
Estimated cell power/ground rail width = 0.308 um
Average module density = 0.639.
Density for the design = 0.639.
       = stdcell_area 6812 sites (6394 um^2) / alloc_area 10658 sites (10004 um^2).
Pin Density = 0.7089.
            = total # of pins 8286 / total area 11688.
=== lastAutoLevel = 7 
**WARN: (IMPSP-9531):	Turning off clkGateAware when timingDriven is off
Iteration  1: Total net bbox = 1.102e-10 (7.79e-11 3.23e-11)
              Est.  stn bbox = 1.152e-10 (8.10e-11 3.42e-11)
              cpu = 0:00:00.0 real = 0:00:00.0 mem = 880.0M
Iteration  2: Total net bbox = 1.102e-10 (7.79e-11 3.23e-11)
              Est.  stn bbox = 1.152e-10 (8.10e-11 3.42e-11)
              cpu = 0:00:00.0 real = 0:00:00.0 mem = 880.0M
Iteration  3: Total net bbox = 3.662e+01 (1.22e+01 2.45e+01)
              Est.  stn bbox = 4.233e+01 (1.46e+01 2.77e+01)
              cpu = 0:00:00.1 real = 0:00:00.0 mem = 896.0M
Iteration  4: Total net bbox = 3.717e+04 (1.73e+04 1.98e+04)
              Est.  stn bbox = 4.501e+04 (2.22e+04 2.28e+04)
              cpu = 0:00:00.4 real = 0:00:01.0 mem = 896.0M
Iteration  5: Total net bbox = 4.205e+04 (2.14e+04 2.07e+04)
              Est.  stn bbox = 5.247e+04 (2.81e+04 2.43e+04)
              cpu = 0:00:00.6 real = 0:00:00.0 mem = 896.0M
Iteration  6: Total net bbox = 4.366e+04 (2.23e+04 2.13e+04)
              Est.  stn bbox = 5.427e+04 (2.94e+04 2.49e+04)
              cpu = 0:00:00.6 real = 0:00:01.0 mem = 897.0M
Iteration  7: Total net bbox = 5.492e+04 (2.73e+04 2.76e+04)
              Est.  stn bbox = 6.668e+04 (3.48e+04 3.18e+04)
              cpu = 0:00:00.0 real = 0:00:00.0 mem = 900.0M
Iteration  8: Total net bbox = 5.492e+04 (2.73e+04 2.76e+04)
              Est.  stn bbox = 6.668e+04 (3.48e+04 3.18e+04)
              cpu = 0:00:00.0 real = 0:00:00.0 mem = 900.0M
Iteration  9: Total net bbox = 5.418e+04 (2.75e+04 2.66e+04)
              Est.  stn bbox = 6.623e+04 (3.52e+04 3.10e+04)
              cpu = 0:00:00.2 real = 0:00:00.0 mem = 900.0M
Iteration 10: Total net bbox = 5.457e+04 (2.74e+04 2.72e+04)
              Est.  stn bbox = 6.668e+04 (3.51e+04 3.16e+04)
              cpu = 0:00:01.2 real = 0:00:01.0 mem = 900.0M
Iteration 11: Total net bbox = 5.457e+04 (2.74e+04 2.72e+04)
              Est.  stn bbox = 6.668e+04 (3.51e+04 3.16e+04)
              cpu = 0:00:00.0 real = 0:00:00.0 mem = 900.0M
*** cost = 5.457e+04 (2.74e+04 2.72e+04) (cpu for global=0:00:02.9) real=0:00:04.0***
Solver runtime cpu: 0:00:02.8 real: 0:00:02.8
Core Placement runtime cpu: 0:00:02.9 real: 0:00:04.0
**WARN: (IMPSP-9025):	No scan chain specified/traced.
Type 'man IMPSP-9025' for more detail.
**Info: (IMPSP-307): Design contains fractional 20 cells.
*** Starting refinePlace (0:00:19.0 mem=900.0M) ***
Total net bbox length = 5.463e+04 (2.736e+04 2.728e+04) (ext = 8.715e+03)
Density distribution unevenness ratio = 8.892%
Move report: Detail placement moves 2556 insts, mean move: 1.30 um, max move: 13.89 um
	Max move on inst (ALU_i/U375): (112.68, 101.46) --> (106.59, 93.67)
	Runtime: CPU: 0:00:00.3 REAL: 0:00:01.0 MEM: 900.0MB
Summary Report:
Instances move: 2556 (out of 2556 movable)
Instances flipped: 0
Mean displacement: 1.30 um
Max displacement: 13.89 um (Instance: ALU_i/U375) (112.682, 101.465) -> (106.59, 93.67)
	Length: 2 sites, height: 1 rows, site name: CoreSite, cell type: INVX1
Total net bbox length = 5.497e+04 (2.763e+04 2.734e+04) (ext = 8.742e+03)
Runtime: CPU: 0:00:00.3 REAL: 0:00:01.0 MEM: 900.0MB
*** Finished refinePlace (0:00:19.3 mem=900.0M) ***
*** End of Placement (cpu=0:00:03.2, real=0:00:05.0, mem=900.0M) ***
**Info: (IMPSP-307): Design contains fractional 20 cells.
default core: bins with density >  0.75 =    0 % ( 0 / 24 )
Density distribution unevenness ratio = 8.959%
Starting IO pin assignment...
The design is not routed. Using flight-line based method for pin assignment.
Completed IO pin assignment.
Starting congestion repair ...
[NR-eGR] honorMsvRouteConstraint: false
[NR-eGR] honorClockSpecNDR      : 0
[NR-eGR] minRouteLayer          : 2
[NR-eGR] maxRouteLayer          : 127
[NR-eGR] numTracksPerClockWire  : 0
[NR-eGR] Layer1 has no routable track
[NR-eGR] Layer2 has single uniform track structure
[NR-eGR] Layer3 has single uniform track structure
[NR-eGR] Layer4 has single uniform track structure
[NR-eGR] Layer5 has single uniform track structure
[NR-eGR] Layer6 has single uniform track structure
[NR-eGR] Layer7 has single uniform track structure
[NR-eGR] Layer8 has single uniform track structure
[NR-eGR] Layer9 has single uniform track structure
[NR-eGR] Layer10 has single uniform track structure
[NR-eGR] numRoutingBlks=0 numInstBlks=82 numPGBlocks=12 numBumpBlks=0 numBoundaryFakeBlks=0
[NR-eGR] numPreroutedNet = 0  numPreroutedWires = 0
[NR-eGR] Read numTotalNets=2683  numIgnoredNets=0
[NR-eGR] ============ Routing rule table ============
[NR-eGR] Rule id 0. Nets 2683 
[NR-eGR] id=0  ndrTrackId=0  ndrViaId=-1  extraSpace=0  numShields=0  maxHorDemand=1  maxVerDemand=1
[NR-eGR] Pitch:  L1=260  L2=380  L3=380  L4=560  L5=570  L6=560  L7=1900  L8=1680  L9=3420  L10=3360
[NR-eGR] ========================================
[NR-eGR] 
[NR-eGR] Layer group 1: route 2683 net(s) in layer range [2, 10]
[NR-eGR] earlyGlobalRoute overflow of layer group 1: 0.00% H + 0.00% V. EstWL: 6.163391e+04um
[NR-eGR] 
[NR-eGR] Congestion Analysis Layer By layer: (blocked Gcells are excluded) 
[NR-eGR]                OverCon            
[NR-eGR]                 #Gcell     %Gcell
[NR-eGR] Layer              (0)    OverCon 
[NR-eGR] ------------------------------------
[NR-eGR] Layer1       0( 0.00%)   ( 0.00%) 
[NR-eGR] Layer2       0( 0.00%)   ( 0.00%) 
[NR-eGR] Layer3       0( 0.00%)   ( 0.00%) 
[NR-eGR] Layer4       0( 0.00%)   ( 0.00%) 
[NR-eGR] Layer5       0( 0.00%)   ( 0.00%) 
[NR-eGR] Layer6       0( 0.00%)   ( 0.00%) 
[NR-eGR] Layer7       0( 0.00%)   ( 0.00%) 
[NR-eGR] Layer8       0( 0.00%)   ( 0.00%) 
[NR-eGR] Layer9       0( 0.00%)   ( 0.00%) 
[NR-eGR] Layer10       0( 0.00%)   ( 0.00%) 
[NR-eGR] ------------------------------------
[NR-eGR] Total        0( 0.00%)   ( 0.00%) 
[NR-eGR] 
[NR-eGR] Overflow after earlyGlobalRoute (GR compatible) 0.00% H + 0.00% V
[NR-eGR] Overflow after earlyGlobalRoute 0.00% H + 0.00% V
Local HotSpot Analysis: normalized max congestion hotspot area = 0.00, normalized total congestion hotspot area = 0.00 (area is in unit of 4 std-cell row bins)
Skipped repairing congestion.
[NR-eGR] --------------------------------------------------------------------------
[NR-eGR] Layer1(metal1)(F) length: 0.000000e+00um, number of vias: 8020
[NR-eGR] Layer2(metal2)(V) length: 2.042156e+04um, number of vias: 9979
[NR-eGR] Layer3(metal3)(H) length: 2.062102e+04um, number of vias: 2477
[NR-eGR] Layer4(metal4)(V) length: 1.234763e+04um, number of vias: 2037
[NR-eGR] Layer5(metal5)(H) length: 9.963964e+03um, number of vias: 64
[NR-eGR] Layer6(metal6)(V) length: 2.236300e+02um, number of vias: 41
[NR-eGR] Layer7(metal7)(H) length: 5.101900e+02um, number of vias: 9
[NR-eGR] Layer8(metal8)(V) length: 2.726500e+01um, number of vias: 9
[NR-eGR] Layer9(metal9)(H) length: 1.569050e+02um, number of vias: 0
[NR-eGR] Layer10(metal10)(V) length: 0.000000e+00um, number of vias: 0
[NR-eGR] Total length: 6.427216e+04um, number of vias: 22636
[NR-eGR] --------------------------------------------------------------------------
[NR-eGR] Total clock nets wire length: 0.000000e+00um 
[NR-eGR] --------------------------------------------------------------------------
End of congRepair (cpu=0:00:00.1, real=0:00:00.0)
*** Finishing placeDesign default flow ***
**placeDesign ... cpu = 0: 0: 3, real = 0: 0: 5, mem = 922.0M **

*** Summary of all messages that are not suppressed in this session:
Severity  ID               Count  Summary                                  
WARNING   IMPSP-9513           1  Timing constraint file does not exist    
WARNING   IMPSP-9514           1  Non-TimingDriven placement will be perfo...
WARNING   IMPSP-9531           1  Turning off clkGateAware when timingDriv...
WARNING   IMPSP-9025           1  No scan chain specified/traced.          
WARNING   IMPSP-9042           1  Scan chains were not defined, -place_glo...
*** Message Summary: 5 warning(s), 0 error(s)

<CMD> fit
**WARN: (IMPTCM-77):	Option "-drouteStartIteration" for command getNanoRouteMode is obsolete and will be removed in a future release. The obsolete option still works in this release but to avoid this warning and to ensure compatibility with future releases, remove the obsolete option from your script.
<CMD> setNanoRouteMode -quiet -timingEngine {}
<CMD> setNanoRouteMode -quiet -routeWithSiPostRouteFix 0
**WARN: (IMPTCM-77):	Option "-drouteStartIteration" for command getNanoRouteMode is obsolete and will be removed in a future release. The obsolete option still works in this release but to avoid this warning and to ensure compatibility with future releases, remove the obsolete option from your script.
<CMD> setNanoRouteMode -quiet -drouteStartIteration default
**WARN: (IMPTCM-77):	Option "-drouteStartIteration" for command setNanoRouteMode is obsolete and will be removed in a future release. The obsolete option still works in this release but to avoid this warning and to ensure compatibility with future releases, remove the obsolete option from your script.
<CMD> setNanoRouteMode -quiet -routeTopRoutingLayer default
<CMD> setNanoRouteMode -quiet -routeBottomRoutingLayer default
<CMD> setNanoRouteMode -quiet -drouteEndIteration default
**WARN: (IMPTCM-77):	Option "-routeEcoOnlyInLayers" for command getNanoRouteMode is obsolete and will be removed in a future release. The obsolete option still works in this release but to avoid this warning and to ensure compatibility with future releases, remove the obsolete option from your script.
<CMD> setNanoRouteMode -quiet -routeWithTimingDriven false
<CMD> setNanoRouteMode -quiet -routeWithSiDriven false
Running Native NanoRoute ...
<CMD> routeDesign -globalDetail
#routeDesign: cpu time = 00:00:00, elapsed time = 00:00:00, memory = 804.25 (MB), peak = 804.25 (MB)
#WARNING (NRIG-96) Selected single pass global detail route "-globalDetail". Clock eco and post optimizations will not be run. See "man NRIG-96" for more details.
#**INFO: setDesignMode -flowEffort standard
#**INFO: mulit-cut via swapping is disabled by user.
#**INFO: All auto set options tuned by routeDesign will be restored to their original settings on command completion.
#**INFO: auto set of routeReserveSpaceForMultiCut to true
#**INFO: auto set of routeConcurrentMinimizeViaCountEffort to high
**Info: (IMPSP-307): Design contains fractional 20 cells.
Begin checking placement ... (start mem=925.4M, init mem=925.4M)
*info: Placed = 2556          
*info: Unplaced = 0           
Placement Density:58.28%(6394/10970)
Placement Density (including fixed std cells):58.28%(6394/10970)
Finished checkPlace (cpu: total=0:00:00.0, vio checks=0:00:00.0; mem=925.4M)
#**INFO: honoring user setting for routeWithTimingDriven set to false
#**INFO: honoring user setting for routeWithSiDriven set to false
**WARN: (IMPCK-8086):	The command changeUseClockNetStatus is obsolete and will be removed in the next release. This command still works in this release, but by the next release you must transition to the CCOpt-based CTS flow.

changeUseClockNetStatus Option :  -noFixedNetWires 
*** Changed status on (0) nets in Clock.
*** End changeUseClockNetStatus (cpu=0:00:00.0, real=0:00:00.0, mem=925.4M) ***

globalDetailRoute

#setNanoRouteMode -droutePostRouteSpreadWire "1"
#setNanoRouteMode -routeConcurrentMinimizeViaCountEffort "high"
#setNanoRouteMode -routeReserveSpaceForMultiCut true
#setNanoRouteMode -routeWithSiDriven false
#setNanoRouteMode -routeWithTimingDriven false
#Start globalDetailRoute on Thu Nov 27 00:14:20 2025
#
#WARNING (NRDB-2005) SPECIAL_NET 1'b1 has special wires but no definitions for instance pins or top level pins. This will cause routability problems later.
#WARNING (NRDB-2005) SPECIAL_NET 1'b0 has special wires but no definitions for instance pins or top level pins. This will cause routability problems later.
#WARNING (NRDB-976) The TRACK STEP 0.2800 for preferred direction tracks is smaller than the PITCH 0.2850 for LAYER metal4. This will cause routability problems for NanoRoute.
#WARNING (NRDB-976) The TRACK STEP 0.2800 for preferred direction tracks is smaller than the PITCH 0.2850 for LAYER metal6. This will cause routability problems for NanoRoute.
#WARNING (NRDB-976) The TRACK STEP 0.8400 for preferred direction tracks is smaller than the PITCH 0.8550 for LAYER metal8. This will cause routability problems for NanoRoute.
#WARNING (NRDB-976) The TRACK STEP 1.6800 for preferred direction tracks is smaller than the PITCH 1.7100 for LAYER metal10. This will cause routability problems for NanoRoute.
#NanoRoute Version 17.11-s080_1 NR170721-2155/17_11-UB
#Start routing data preparation on Thu Nov 27 00:14:21 2025
#
#WARNING (NRDB-2077) The below via enclosure for LAYER metal1 is not specified for width 0.0650.
#WARNING (NRDB-2078) The above via enclosure for LAYER metal2 is not specified for width 0.0700.
#WARNING (NRDB-2077) The below via enclosure for LAYER metal1 is not specified for width 0.0650.
#WARNING (NRDB-2078) The above via enclosure for LAYER metal2 is not specified for width 0.0700.
#WARNING (NRDB-2077) The below via enclosure for LAYER metal2 is not specified for width 0.0700.
#WARNING (NRDB-2078) The above via enclosure for LAYER metal3 is not specified for width 0.0700.
#WARNING (NRDB-2077) The below via enclosure for LAYER metal2 is not specified for width 0.0700.
#WARNING (NRDB-2078) The above via enclosure for LAYER metal3 is not specified for width 0.0700.
#WARNING (NRDB-2077) The below via enclosure for LAYER metal3 is not specified for width 0.0700.
#WARNING (NRDB-2078) The above via enclosure for LAYER metal4 is not specified for width 0.1400.
#WARNING (NRDB-2077) The below via enclosure for LAYER metal3 is not specified for width 0.0700.
#WARNING (NRDB-2078) The above via enclosure for LAYER metal4 is not specified for width 0.1400.
#WARNING (NRDB-2077) The below via enclosure for LAYER metal4 is not specified for width 0.1400.
#WARNING (NRDB-2078) The above via enclosure for LAYER metal5 is not specified for width 0.1400.
#WARNING (NRDB-2077) The below via enclosure for LAYER metal4 is not specified for width 0.1400.
#WARNING (NRDB-2078) The above via enclosure for LAYER metal5 is not specified for width 0.1400.
#WARNING (NRDB-2077) The below via enclosure for LAYER metal5 is not specified for width 0.1400.
#WARNING (NRDB-2078) The above via enclosure for LAYER metal6 is not specified for width 0.1400.
#WARNING (NRDB-2077) The below via enclosure for LAYER metal5 is not specified for width 0.1400.
#WARNING (NRDB-2078) The above via enclosure for LAYER metal6 is not specified for width 0.1400.
#WARNING (NRDB-2077) The below via enclosure for LAYER metal6 is not specified for width 0.1400.
#WARNING (NRDB-2078) The above via enclosure for LAYER metal7 is not specified for width 0.4000.
#WARNING (NRDB-2077) The below via enclosure for LAYER metal6 is not specified for width 0.1400.
#WARNING (NRDB-2078) The above via enclosure for LAYER metal7 is not specified for width 0.4000.
#WARNING (NRDB-2077) The below via enclosure for LAYER metal7 is not specified for width 0.4000.
#WARNING (NRDB-2078) The above via enclosure for LAYER metal8 is not specified for width 0.4000.
#WARNING (NRDB-2077) The below via enclosure for LAYER metal7 is not specified for width 0.4000.
#WARNING (NRDB-2078) The above via enclosure for LAYER metal8 is not specified for width 0.4000.
#WARNING (NRDB-2077) The below via enclosure for LAYER metal8 is not specified for width 0.4000.
#WARNING (NRDB-2078) The above via enclosure for LAYER metal9 is not specified for width 0.8000.
#WARNING (NRDB-2077) The below via enclosure for LAYER metal8 is not specified for width 0.4000.
#WARNING (NRDB-2078) The above via enclosure for LAYER metal9 is not specified for width 0.8000.
#WARNING (NRDB-2077) The below via enclosure for LAYER metal9 is not specified for width 0.8000.
#WARNING (NRDB-2078) The above via enclosure for LAYER metal10 is not specified for width 0.8000.
#WARNING (NRDB-2077) The below via enclosure for LAYER metal9 is not specified for width 0.8000.
#WARNING (NRDB-2078) The above via enclosure for LAYER metal10 is not specified for width 0.8000.
# metal1       H   Track-Pitch = 0.1900    Line-2-Via Pitch = 0.1300
# metal2       V   Track-Pitch = 0.1900    Line-2-Via Pitch = 0.1450
# metal3       H   Track-Pitch = 0.1900    Line-2-Via Pitch = 0.1400
# metal4       V   Track-Pitch = 0.2800    Line-2-Via Pitch = 0.2800
# metal5       H   Track-Pitch = 0.2850    Line-2-Via Pitch = 0.2800
# metal6       V   Track-Pitch = 0.2800    Line-2-Via Pitch = 0.2800
# metal7       H   Track-Pitch = 0.9500    Line-2-Via Pitch = 0.8000
# metal8       V   Track-Pitch = 0.8400    Line-2-Via Pitch = 0.8000
# metal9       H   Track-Pitch = 1.7100    Line-2-Via Pitch = 1.6000
# metal10      V   Track-Pitch = 1.6800    Line-2-Via Pitch = 1.6000
#Regenerating Ggrids automatically.
#Auto generating G-grids with size=15 tracks, using layer metal3's pitch = 0.1900.
#Using automatically generated G-grids.
#Done routing data preparation.
#cpu time = 00:00:00, elapsed time = 00:00:00, memory = 815.27 (MB), peak = 848.36 (MB)
#Merging special wires...
#
#Finished routing data preparation on Thu Nov 27 00:14:21 2025
#
#Cpu time = 00:00:00
#Elapsed time = 00:00:00
#Increased memory = 7.96 (MB)
#Total memory = 815.61 (MB)
#Peak memory = 848.36 (MB)
#
#
#Start global routing on Thu Nov 27 00:14:21 2025
#
#Number of eco nets is 0
#
#Start global routing data preparation on Thu Nov 27 00:14:21 2025
#
#Start routing resource analysis on Thu Nov 27 00:14:21 2025
#
#Routing resource analysis is done on Thu Nov 27 00:14:21 2025
#
#  Resource Analysis:
#
#               Routing  #Avail      #Track     #Total     %Gcell
#  Layer      Direction   Track     Blocked      Gcell    Blocked
#  --------------------------------------------------------------
#  metal1         H        1039           0        4968     0.00%
#  metal2         V        1080           0        4968     0.00%
#  metal3         H        1039           0        4968     0.00%
#  metal4         V         719           0        4968     0.00%
#  metal5         H         692           0        4968     0.00%
#  metal6         V         719           0        4968     0.00%
#  metal7         H         207           0        4968     0.00%
#  metal8         V         244           0        4968     0.00%
#  metal9         H         115           0        4968     0.00%
#  metal10        V         122           0        4968     0.00%
#  --------------------------------------------------------------
#  Total                   5976       0.00%       49680     0.00%
#
#
#
#
#Global routing data preparation is done on Thu Nov 27 00:14:21 2025
#
#cpu time = 00:00:00, elapsed time = 00:00:00, memory = 816.49 (MB), peak = 848.36 (MB)
#
#cpu time = 00:00:00, elapsed time = 00:00:00, memory = 816.90 (MB), peak = 848.36 (MB)
#
#start global routing iteration 1...
#cpu time = 00:00:00, elapsed time = 00:00:00, memory = 830.38 (MB), peak = 848.36 (MB)
#
#start global routing iteration 2...
#cpu time = 00:00:00, elapsed time = 00:00:00, memory = 832.10 (MB), peak = 848.36 (MB)
#
#
#Total number of trivial nets (e.g. < 2 pins) = 414 (skipped).
#Total number of routable nets = 2695.
#Total number of nets in the design = 3109.
#
#2695 routable nets have only global wires.
#
#Routed nets constraints summary:
#-----------------------------
#        Rules   Unconstrained  
#-----------------------------
#      Default            2695  
#-----------------------------
#        Total            2695  
#-----------------------------
#
#Routing constraints summary of the whole design:
#-----------------------------
#        Rules   Unconstrained  
#-----------------------------
#      Default            2695  
#-----------------------------
#        Total            2695  
#-----------------------------
#
#
#  Congestion Analysis: (blocked Gcells are excluded)
#
#                 OverCon          
#                  #Gcell    %Gcell
#     Layer           (1)   OverCon
#  --------------------------------
#  metal1        0(0.00%)   (0.00%)
#  metal2        0(0.00%)   (0.00%)
#  metal3        0(0.00%)   (0.00%)
#  metal4        0(0.00%)   (0.00%)
#  metal5        0(0.00%)   (0.00%)
#  metal6        0(0.00%)   (0.00%)
#  metal7        0(0.00%)   (0.00%)
#  metal8        0(0.00%)   (0.00%)
#  metal9        0(0.00%)   (0.00%)
#  metal10       0(0.00%)   (0.00%)
#  --------------------------------
#     Total      0(0.00%)   (0.00%)
#
#  The worst congested Gcell overcon (routing demand over resource in number of tracks) = 1
#  Overflow after GR: 0.00% H + 0.00% V
#
[hotspot] +------------+---------------+---------------+
[hotspot] |            |   max hotspot | total hotspot |
[hotspot] +------------+---------------+---------------+
[hotspot] | normalized |          0.00 |          0.00 |
[hotspot] +------------+---------------+---------------+
Local HotSpot Analysis: normalized max congestion hotspot area = 0.00, normalized total congestion hotspot area = 0.00 (area is in unit of 4 std-cell row bins)
#Complete Global Routing.
#Total wire length = 60894 um.
#Total half perimeter of net bounding box = 58169 um.
#Total wire length on LAYER metal1 = 7476 um.
#Total wire length on LAYER metal2 = 30294 um.
#Total wire length on LAYER metal3 = 22270 um.
#Total wire length on LAYER metal4 = 580 um.
#Total wire length on LAYER metal5 = 262 um.
#Total wire length on LAYER metal6 = 3 um.
#Total wire length on LAYER metal7 = 6 um.
#Total wire length on LAYER metal8 = 3 um.
#Total wire length on LAYER metal9 = 0 um.
#Total wire length on LAYER metal10 = 0 um.
#Total number of vias = 13677
#Up-Via Summary (total 13677):
#           
#-----------------------
# metal1           8928
# metal2           4592
# metal3             80
# metal4             43
# metal5             18
# metal6             10
# metal7              3
# metal8              3
#-----------------------
#                 13677 
#
#Max overcon = 0 track.
#Total overcon = 0.00%.
#Worst layer Gcell overcon rate = 0.00%.
#
#Global routing statistics:
#Cpu time = 00:00:00
#Elapsed time = 00:00:00
#Increased memory = 16.58 (MB)
#Total memory = 832.18 (MB)
#Peak memory = 848.36 (MB)
#
#Finished global routing on Thu Nov 27 00:14:21 2025
#
#
#cpu time = 00:00:00, elapsed time = 00:00:00, memory = 822.31 (MB), peak = 848.36 (MB)
#Start Track Assignment.
#Done with 3996 horizontal wires in 1 hboxes and 3453 vertical wires in 1 hboxes.
#Done with 1075 horizontal wires in 1 hboxes and 656 vertical wires in 1 hboxes.
#Done with 1 horizontal wires in 1 hboxes and 1 vertical wires in 1 hboxes.
#
#Track assignment summary:
# layer   (wire length)   (overlap)     (long ovlp)	(with obs/pg/clk)  
#------------------------------------------------------------------------
# metal1      7473.23 	  0.01%  	  0.00% 	  0.00%
# metal2     29999.30 	  0.03%  	  0.00% 	  0.01%
# metal3     22042.27 	  0.10%  	  0.00% 	  0.00%
# metal4       578.23 	  0.00%  	  0.00% 	  0.00%
# metal5       262.86 	  0.00%  	  0.00% 	  0.00%
# metal6         0.71 	  0.00%  	  0.00% 	  0.00%
# metal7         4.95 	  0.00%  	  0.00% 	  0.00%
# metal8         3.25 	  0.00%  	  0.00% 	  0.00%
# metal9         0.00 	  0.00%  	  0.00% 	  0.00%
# metal10        0.00 	  0.00%  	  0.00% 	  0.00%
#------------------------------------------------------------------------
# All       60364.79  	  0.05% 	  0.00% 	  0.00%
#Complete Track Assignment.
#Total wire length = 63315 um.
#Total half perimeter of net bounding box = 58169 um.
#Total wire length on LAYER metal1 = 9493 um.
#Total wire length on LAYER metal2 = 29941 um.
#Total wire length on LAYER metal3 = 23026 um.
#Total wire length on LAYER metal4 = 579 um.
#Total wire length on LAYER metal5 = 265 um.
#Total wire length on LAYER metal6 = 1 um.
#Total wire length on LAYER metal7 = 6 um.
#Total wire length on LAYER metal8 = 3 um.
#Total wire length on LAYER metal9 = 1 um.
#Total wire length on LAYER metal10 = 0 um.
#Total number of vias = 13677
#Up-Via Summary (total 13677):
#           
#-----------------------
# metal1           8928
# metal2           4592
# metal3             80
# metal4             43
# metal5             18
# metal6             10
# metal7              3
# metal8              3
#-----------------------
#                 13677 
#
#cpu time = 00:00:00, elapsed time = 00:00:00, memory = 824.29 (MB), peak = 848.36 (MB)
#
#Routing data preparation, pin analysis, global routing and track assignment statistics:
#Cpu time = 00:00:01
#Elapsed time = 00:00:01
#Increased memory = 16.71 (MB)
#Total memory = 824.36 (MB)
#Peak memory = 848.36 (MB)
#
#Start Detail Routing..
#start initial detail routing ...
#   number of violations = 12
#
#    By Layer and Type :
#	         MetSpc    Short   Totals
#	metal1        1        1        2
#	metal2        8        1        9
#	metal3        0        1        1
#	Totals        9        3       12
#cpu time = 00:00:12, elapsed time = 00:00:12, memory = 889.30 (MB), peak = 889.30 (MB)
#start 1st optimization iteration ...
#   number of violations = 3
#
#    By Layer and Type :
#	         MetSpc    Short   Totals
#	metal1        0        0        0
#	metal2        2        0        2
#	metal3        0        1        1
#	Totals        2        1        3
#cpu time = 00:00:00, elapsed time = 00:00:00, memory = 889.48 (MB), peak = 889.48 (MB)
#start 2nd optimization iteration ...
#   number of violations = 0
#cpu time = 00:00:00, elapsed time = 00:00:00, memory = 889.48 (MB), peak = 889.48 (MB)
#Complete Detail Routing.
#Total wire length = 63994 um.
#Total half perimeter of net bounding box = 58169 um.
#Total wire length on LAYER metal1 = 7490 um.
#Total wire length on LAYER metal2 = 31719 um.
#Total wire length on LAYER metal3 = 22672 um.
#Total wire length on LAYER metal4 = 1466 um.
#Total wire length on LAYER metal5 = 521 um.
#Total wire length on LAYER metal6 = 29 um.
#Total wire length on LAYER metal7 = 84 um.
#Total wire length on LAYER metal8 = 2 um.
#Total wire length on LAYER metal9 = 11 um.
#Total wire length on LAYER metal10 = 0 um.
#Total number of vias = 15883
#Up-Via Summary (total 15883):
#           
#-----------------------
# metal1           8848
# metal2           6634
# metal3            329
# metal4             44
# metal5             12
# metal6             10
# metal7              3
# metal8              3
#-----------------------
#                 15883 
#
#Total number of DRC violations = 0
#Cpu time = 00:00:12
#Elapsed time = 00:00:12
#Increased memory = 4.21 (MB)
#Total memory = 828.57 (MB)
#Peak memory = 889.48 (MB)
#
#Start Post Route wire spreading..
#
#Start DRC checking..
#   number of violations = 0
#cpu time = 00:00:01, elapsed time = 00:00:01, memory = 870.86 (MB), peak = 889.48 (MB)
#CELL_VIEW core,init has no DRC violation.
#Total number of DRC violations = 0
#
#Start data preparation for wire spreading...
#
#Data preparation is done on Thu Nov 27 00:14:34 2025
#
#
#Start Post Route Wire Spread.
#Done with 1971 horizontal wires in 2 hboxes and 1480 vertical wires in 2 hboxes.
#Complete Post Route Wire Spread.
#
#Total wire length = 65472 um.
#Total half perimeter of net bounding box = 58169 um.
#Total wire length on LAYER metal1 = 7618 um.
#Total wire length on LAYER metal2 = 32310 um.
#Total wire length on LAYER metal3 = 23420 um.
#Total wire length on LAYER metal4 = 1474 um.
#Total wire length on LAYER metal5 = 523 um.
#Total wire length on LAYER metal6 = 29 um.
#Total wire length on LAYER metal7 = 84 um.
#Total wire length on LAYER metal8 = 2 um.
#Total wire length on LAYER metal9 = 11 um.
#Total wire length on LAYER metal10 = 0 um.
#Total number of vias = 15883
#Up-Via Summary (total 15883):
#           
#-----------------------
# metal1           8848
# metal2           6634
# metal3            329
# metal4             44
# metal5             12
# metal6             10
# metal7              3
# metal8              3
#-----------------------
#                 15883 
#
#
#Start DRC checking..
#   number of violations = 0
#cpu time = 00:00:01, elapsed time = 00:00:01, memory = 875.32 (MB), peak = 889.48 (MB)
#CELL_VIEW core,init has no DRC violation.
#Total number of DRC violations = 0
#   number of violations = 0
#cpu time = 00:00:01, elapsed time = 00:00:01, memory = 830.97 (MB), peak = 889.48 (MB)
#CELL_VIEW core,init has no DRC violation.
#Total number of DRC violations = 0
#Post Route wire spread is done.
#Total wire length = 65472 um.
#Total half perimeter of net bounding box = 58169 um.
#Total wire length on LAYER metal1 = 7618 um.
#Total wire length on LAYER metal2 = 32310 um.
#Total wire length on LAYER metal3 = 23420 um.
#Total wire length on LAYER metal4 = 1474 um.
#Total wire length on LAYER metal5 = 523 um.
#Total wire length on LAYER metal6 = 29 um.
#Total wire length on LAYER metal7 = 84 um.
#Total wire length on LAYER metal8 = 2 um.
#Total wire length on LAYER metal9 = 11 um.
#Total wire length on LAYER metal10 = 0 um.
#Total number of vias = 15883
#Up-Via Summary (total 15883):
#           
#-----------------------
# metal1           8848
# metal2           6634
# metal3            329
# metal4             44
# metal5             12
# metal6             10
# metal7              3
# metal8              3
#-----------------------
#                 15883 
#
#detailRoute Statistics:
#Cpu time = 00:00:14
#Elapsed time = 00:00:14
#Increased memory = 4.49 (MB)
#Total memory = 828.85 (MB)
#Peak memory = 889.48 (MB)
#
#globalDetailRoute statistics:
#Cpu time = 00:00:15
#Elapsed time = 00:00:15
#Increased memory = 32.27 (MB)
#Total memory = 837.05 (MB)
#Peak memory = 889.48 (MB)
#Number of warnings = 42
#Total number of warnings = 43
#Number of fails = 0
#Total number of fails = 0
#Complete globalDetailRoute on Thu Nov 27 00:14:36 2025
#
#routeDesign: cpu time = 00:00:15, elapsed time = 00:00:15, memory = 837.36 (MB), peak = 889.48 (MB)

*** Summary of all messages that are not suppressed in this session:
Severity  ID               Count  Summary                                  
WARNING   IMPCK-8086           1  The command %s is obsolete and will be r...
*** Message Summary: 1 warning(s), 0 error(s)

<CMD> report_area
<CMD> reset_parasitics
Performing RC Extraction ...
<CMD> extractRC
Extraction called for design 'core' of instances=2556 and nets=3109 using extraction engine 'preRoute' .
**WARN: (IMPEXT-3530):	The process node is not set. Use the command setDesignMode -process <process node> prior to extraction for maximum accuracy and optimal automatic threshold setting.
Type 'man IMPEXT-3530' for more detail.
PreRoute RC Extraction called for design core.
**WARN: (IMPEXT-6197):	The Cap table file is not specified. This will result in lower parasitic accuracy when using preRoute extraction or postRoute extraction with effort level 'low'. It is recommended to generate the Cap table file using the 'generateCapTbl' command and specify it before extraction using 'create_rc_corner/update_rc_corner -cap_table'.
Type 'man IMPEXT-6197' for more detail.
RCMode: PreRoute
Capacitance Scaling Factor   : 1.00000
Resistance Scaling Factor    : 1.00000
Clock Cap Scaling Factor    : 1.00000
Clock Res Scaling Factor     : 1.00000
Shrink Factor                : 1.00000
PreRoute extraction is honoring NDR/Shielding/ExtraSpace for clock nets.
Updating RC grid for preRoute extraction ...
PreRoute RC Extraction DONE (CPU Time: 0:00:00.0  Real Time: 0:00:00.0  MEM: 962.914M)
<CMD> rcOut -spf core.spf
   RC-typical , Operating temperature 25 C
Dumping SPF file.....
**WARN: (IMPEXT-2882):	Unable to find the resistance for via 'M3_M2_via' in Cap table or LEF or OA files. The default value of 4.0 ohms is being assigned. To avoid this, check the Cap table and LEF and OA files, provide the resistance and read the files again.
**WARN: (IMPEXT-2882):	Unable to find the resistance for via 'M2_M1_via' in Cap table or LEF or OA files. The default value of 4.0 ohms is being assigned. To avoid this, check the Cap table and LEF and OA files, provide the resistance and read the files again.
**WARN: (IMPEXT-2882):	Unable to find the resistance for via 'M4_M3_via' in Cap table or LEF or OA files. The default value of 4.0 ohms is being assigned. To avoid this, check the Cap table and LEF and OA files, provide the resistance and read the files again.
**WARN: (IMPEXT-2882):	Unable to find the resistance for via 'M5_M4_via' in Cap table or LEF or OA files. The default value of 4.0 ohms is being assigned. To avoid this, check the Cap table and LEF and OA files, provide the resistance and read the files again.
**WARN: (IMPEXT-2883):	The resistance extracted for a wire belonging to net i_addr[19] is 0 ohms. Therefore, a small value of 0.1 ohms is assigned to it.
**WARN: (IMPEXT-2882):	Unable to find the resistance for via 'M6_M5_via' in Cap table or LEF or OA files. The default value of 4.0 ohms is being assigned. To avoid this, check the Cap table and LEF and OA files, provide the resistance and read the files again.
**WARN: (IMPEXT-2882):	Unable to find the resistance for via 'M7_M6_via' in Cap table or LEF or OA files. The default value of 4.0 ohms is being assigned. To avoid this, check the Cap table and LEF and OA files, provide the resistance and read the files again.
**WARN: (IMPEXT-2883):	The resistance extracted for a wire belonging to net i_addr[0] is 0 ohms. Therefore, a small value of 0.1 ohms is assigned to it.
**WARN: (IMPEXT-2883):	The resistance extracted for a wire belonging to net i_addr[0] is 0 ohms. Therefore, a small value of 0.1 ohms is assigned to it.
**WARN: (IMPEXT-2883):	The resistance extracted for a wire belonging to net i_rd_data[31] is 0 ohms. Therefore, a small value of 0.1 ohms is assigned to it.
**WARN: (IMPEXT-2883):	The resistance extracted for a wire belonging to net i_rd_data[31] is 0 ohms. Therefore, a small value of 0.1 ohms is assigned to it.
**WARN: (IMPEXT-2883):	The resistance extracted for a wire belonging to net i_rd_data[30] is 0 ohms. Therefore, a small value of 0.1 ohms is assigned to it.
**WARN: (IMPEXT-2883):	The resistance extracted for a wire belonging to net i_rd_data[26] is 0 ohms. Therefore, a small value of 0.1 ohms is assigned to it.
**WARN: (IMPEXT-2883):	The resistance extracted for a wire belonging to net i_rd_data[26] is 0 ohms. Therefore, a small value of 0.1 ohms is assigned to it.
**WARN: (IMPEXT-2883):	The resistance extracted for a wire belonging to net i_rd_data[24] is 0 ohms. Therefore, a small value of 0.1 ohms is assigned to it.
**WARN: (IMPEXT-2883):	The resistance extracted for a wire belonging to net i_rd_data[23] is 0 ohms. Therefore, a small value of 0.1 ohms is assigned to it.
**WARN: (IMPEXT-2883):	The resistance extracted for a wire belonging to net i_rd_data[19] is 0 ohms. Therefore, a small value of 0.1 ohms is assigned to it.
**WARN: (IMPEXT-2883):	The resistance extracted for a wire belonging to net i_rd_data[19] is 0 ohms. Therefore, a small value of 0.1 ohms is assigned to it.
**WARN: (IMPEXT-2883):	The resistance extracted for a wire belonging to net i_rd_data[18] is 0 ohms. Therefore, a small value of 0.1 ohms is assigned to it.
**WARN: (IMPEXT-2883):	The resistance extracted for a wire belonging to net i_rd_data[15] is 0 ohms. Therefore, a small value of 0.1 ohms is assigned to it.
**WARN: (IMPEXT-2883):	The resistance extracted for a wire belonging to net i_rd_data[15] is 0 ohms. Therefore, a small value of 0.1 ohms is assigned to it.
**WARN: (IMPEXT-2883):	The resistance extracted for a wire belonging to net i_rd_data[15] is 0 ohms. Therefore, a small value of 0.1 ohms is assigned to it.
**WARN: (IMPEXT-2883):	The resistance extracted for a wire belonging to net i_rd_data[14] is 0 ohms. Therefore, a small value of 0.1 ohms is assigned to it.
**WARN: (IMPEXT-2883):	The resistance extracted for a wire belonging to net i_rd_data[14] is 0 ohms. Therefore, a small value of 0.1 ohms is assigned to it.
**WARN: (IMPEXT-2883):	The resistance extracted for a wire belonging to net i_rd_data[13] is 0 ohms. Therefore, a small value of 0.1 ohms is assigned to it.
**WARN: (IMPEXT-2883):	The resistance extracted for a wire belonging to net i_rd_data[12] is 0 ohms. Therefore, a small value of 0.1 ohms is assigned to it.
**WARN: (EMS-27):	Message (IMPEXT-2883) has exceeded the current message display limit of 20.
To increase the message display limit, refer to the product command reference manual.
**WARN: (IMPEXT-2882):	Unable to find the resistance for via 'M8_M7_via' in Cap table or LEF or OA files. The default value of 4.0 ohms is being assigned. To avoid this, check the Cap table and LEF and OA files, provide the resistance and read the files again.
**WARN: (IMPEXT-2882):	Unable to find the resistance for via 'M9_M8_via' in Cap table or LEF or OA files. The default value of 4.0 ohms is being assigned. To avoid this, check the Cap table and LEF and OA files, provide the resistance and read the files again.
Created SPF File: core.spf
<CMD> verifyGeometry
 *** Starting Verify Geometry (MEM: 962.9) ***

**WARN: (IMPVFG-257):	verifyGeometry command is replaced by verify_drc command. It still works in this release but will be removed in future release. Please update your script to use the new command.
  VERIFY GEOMETRY ...... Starting Verification
  VERIFY GEOMETRY ...... Initializing
  VERIFY GEOMETRY ...... Deleting Existing Violations
  VERIFY GEOMETRY ...... Creating Sub-Areas
                  ...... bin size: 2080
VG: elapsed time: 1.00
Begin Summary ...
  Cells       : 0
  SameNet     : 0
  Wiring      : 0
  Antenna     : 0
  Short       : 0
  Overlap     : 0
End Summary

  Verification Complete : 0 Viols.  0 Wrngs.

**********End: VERIFY GEOMETRY**********
 *** verify geometry (CPU: 0:00:00.4  MEM: 133.6M)

<CMD> verifyConnectivity -type all -noAntenna -noWeakConnect -noSoftPGConnect -error 1000 -warning 50
VERIFY_CONNECTIVITY use new engine.

******** Start: VERIFY CONNECTIVITY ********
Start Time: Thu Nov 27 00:16:21 2025

Design Name: core
Database Units: 2000
Design Boundary: (0.0000, 0.0000) (205.2000, 197.4100)
Error Limit = 1000; Warning Limit = 50
Check all nets

Begin Summary 
  Found no problems or warnings.
End Summary

End Time: Thu Nov 27 00:16:21 2025
Time Elapsed: 0:00:00.0

******** End: VERIFY CONNECTIVITY ********
  Verification Complete : 0 Viols.  0 Wrngs.
  (CPU Time: 0:00:00.1  MEM: 0.000M)

invalid command name "quit"
<CMD> saveDesign core
#% Begin save design ... (date=11/27 00:16:54, mem=991.1M)
% Begin Save netlist data ... (date=11/27 00:16:54, mem=992.8M)
Writing Binary DB to core.dat/core.v.bin in single-threaded mode...
% End Save netlist data ... (date=11/27 00:16:54, total cpu=0:00:00.0, real=0:00:00.0, peak res=993.1M, current mem=993.1M)
% Begin Save AAE data ... (date=11/27 00:16:54, mem=993.1M)
Saving AAE Data ...
% End Save AAE data ... (date=11/27 00:16:54, total cpu=0:00:00.0, real=0:00:00.0, peak res=993.1M, current mem=993.1M)
% Begin Save clock tree data ... (date=11/27 00:16:54, mem=993.2M)
% End Save clock tree data ... (date=11/27 00:16:54, total cpu=0:00:00.0, real=0:00:00.0, peak res=993.2M, current mem=993.2M)
Saving preference file core.dat/gui.pref.tcl ...
Saving mode setting ...
Saving global file ...
% Begin Save floorplan data ... (date=11/27 00:16:54, mem=994.1M)
Saving floorplan file ...
% End Save floorplan data ... (date=11/27 00:16:54, total cpu=0:00:00.0, real=0:00:00.0, peak res=994.1M, current mem=994.1M)
Saving Drc markers ...
... No Drc file written since there is no markers found.
% Begin Save placement data ... (date=11/27 00:16:54, mem=994.3M)
** Saving stdCellPlacement_binary (version# 1) ...
% End Save placement data ... (date=11/27 00:16:54, total cpu=0:00:00.0, real=0:00:00.0, peak res=994.3M, current mem=994.3M)
% Begin Save routing data ... (date=11/27 00:16:54, mem=994.3M)
Saving route file ...
*** Completed saveRoute (cpu=0:00:00.0 real=0:00:00.0 mem=1096.6M) ***
% End Save routing data ... (date=11/27 00:16:54, total cpu=0:00:00.1, real=0:00:00.0, peak res=994.5M, current mem=994.5M)
Saving property file core.dat/core.prop
*** Completed saveProperty (cpu=0:00:00.0 real=0:00:00.0 mem=1096.6M) ***
#Saving pin access info...
#
% Begin Save power constraints data ... (date=11/27 00:16:54, mem=997.0M)
% End Save power constraints data ... (date=11/27 00:16:54, total cpu=0:00:00.0, real=0:00:00.0, peak res=997.0M, current mem=997.0M)
**ERROR: (IMPOAX-142):	Could not open shared library libinnovusoax22.so : /usr/local/packages/cadence_2017/innovus171/tools.lnx86/lib/64bit/libstdc++.so.6: version `CXXABI_1.3.8' not found (required by /usr/local/packages/cadence_2022/INNOVUS211/oa_v22.60.087/lib/linux_rhel60_64/opt/liboaDesign.so)

**ERROR: (IMPOAX-142):	Could not open shared library libcdsSkillPcell.so : /usr/local/packages/cadence_2017/innovus171/tools.lnx86/lib/64bit/libcdsSkillPcell.so: undefined symbol: _ZTIN12OpenAccess_413oaFSComponentE

**ERROR: (IMPSYT-6245):	Error , while saving MS constraint file.
Generated self-contained design core.dat
#% End save design ... (date=11/27 00:16:54, total cpu=0:00:00.4, real=0:00:00.0, peak res=999.0M, current mem=999.0M)

*** Summary of all messages that are not suppressed in this session:
Severity  ID               Count  Summary                                  
ERROR     IMPSYT-6245          1  Error %s, while saving MS constraint fil...
ERROR     IMPOAX-142           2  %s                                       
*** Message Summary: 0 warning(s), 3 error(s)


*** Memory Usage v#1 (Current mem = 997.070M, initial mem = 194.469M) ***
*** Message Summary: 518 warning(s), 8 error(s)

--- Ending "Innovus" (totcpu=0:00:41.0, real=0:08:20, mem=997.1M) ---
