
Cadence Innovus(TM) Implementation System.
Copyright 2017 Cadence Design Systems, Inc. All rights reserved worldwide.

Version:	v17.11-s080_1, built Fri Aug 4 11:13:11 PDT 2017
Options:	
Date:		Wed Nov 26 23:21:19 2025
Host:		mario.ece.utexas.edu (x86_64 w/Linux 4.18.0-553.82.1.el8_10.x86_64) (16cores*64cpus*Intel(R) Xeon(R) Gold 5218 CPU @ 2.30GHz 22528KB)
OS:		Red Hat Enterprise Linux release 8.10 (Ootpa)

License:
		invs	Innovus Implementation System	17.1	checkout succeeded
		8 CPU jobs allowed with the current license(s). Use setMultiCpuUsage to set your required CPU count.
**ERROR: (IMPOAX-142):	Could not open shared library libinnovusoax22.so : /usr/local/packages/cadence_2017/innovus171/tools.lnx86/lib/64bit/libstdc++.so.6: version `CXXABI_1.3.8' not found (required by /usr/local/packages/cadence_2022/INNOVUS211/oa_v22.60.087/lib/linux_rhel60_64/opt/liboaDesign.so)

**ERROR: (IMPOAX-142):	Could not open shared library libcdsSkillPcell.so : /usr/local/packages/cadence_2017/innovus171/tools.lnx86/lib/64bit/libcdsSkillPcell.so: undefined symbol: _ZTIN12OpenAccess_413oaFSComponentE

**ERROR: (IMPOAX-142):	OA features will be disabled in this session.

Change the soft stacksize limit to 0.2%RAM (771 mbytes). Set global soft_stack_size_limit to change the value.

**INFO:  MMMC transition support version v31-84 

<CMD> set_global _enable_mmmc_by_default_flow      $CTE::mmmc_default
<CMD> suppressMessage ENCEXT-2799
<CMD> getVersion
<CMD> getDrawView
<CMD> loadWorkspace -name Physical
<CMD> win
<CMD> set init_gnd_net 1'b0
<CMD> set init_lef_file gscl45nm.lef
<CMD> set init_design_settop 0
<CMD> set init_verilog {apr45nm.v synth_netlist.v}
<CMD> set init_pwr_net 1'b1
<CMD> init_design
**ERROR: (IMPOAX-820):	The OA features are disabled in the current session of Innovus because the oax shared library could not be loaded properly. This could be because your installation was not properly configured. To enable OA features, exit the current session and re-launch Innovus either after fixing your installation by running the Configure Installation phase, or after setting the OA_HOME variable to point to a proper OA installation. Check the "OpenAccess Installation and Configuration Guide" manual for more information.

**ERROR: (IMPOAX-850):	oaxCreateCdsLibArray command cannot be run as OA features are disabled in this session.

Loading LEF file gscl45nm.lef ...
**WARN: (IMPLF-155):	ViaRule only supports routing/cut layer, but poly layer found for viaRule 'M1_POLY', 
Set DBUPerIGU to M2 pitch 380.

viaInitial starts at Wed Nov 26 23:22:36 2025
viaInitial ends at Wed Nov 26 23:22:36 2025
*** End library_loading (cpu=0.00min, real=0.00min, mem=0.0M, fe_cpu=0.16min, fe_real=1.28min, fe_mem=509.1M) ***
#% Begin Load netlist data ... (date=11/26 23:22:36, mem=511.0M)
*** Begin netlist parsing (mem=509.1M) ***
Created 0 new cells from 0 timing libraries.
Reading netlist ...
Backslashed names will retain backslash and a trailing blank character.
Reading verilog netlist 'apr45nm.v'
Reading verilog netlist 'synth_netlist.v'

*** Memory Usage v#1 (Current mem = 511.055M, initial mem = 186.469M) ***
*** End netlist parsing (cpu=0:00:00.0, real=0:00:00.0, mem=511.1M) ***
#% End Load netlist data ... (date=11/26 23:22:36, total cpu=0:00:00.0, real=0:00:00.0, peak res=514.8M, current mem=514.8M)
Top level cell is core.
Hooked 0 DB cells to tlib cells.
Starting recursive module instantiation check.
No recursion found.
Building hierarchical netlist for Cell core ...
*** Netlist is unique.
Set DBUPerIGU to techSite CoreSite width 760.
** info: there are 34 modules.
** info: there are 1795 stdCell insts.

*** Memory Usage v#1 (Current mem = 545.719M, initial mem = 186.469M) ***
Horizontal Layer M1 offset = 190 (guessed)
Vertical Layer M2 offset = 190 (guessed)
Suggestion: specify LAYER OFFSET in LEF file
Reason: hard to extract LAYER OFFSET from standard cells
Generated pitch 1.68 in metal10 is different from 1.71 defined in technology file in preferred direction.
Generated pitch 0.84 in metal8 is different from 0.855 defined in technology file in preferred direction.
Generated pitch 0.95 in metal7 is different from 0.855 defined in technology file in preferred direction.
Generated pitch 0.28 in metal6 is different from 0.285 defined in technology file in preferred direction.
Generated pitch 0.28 in metal4 is different from 0.285 defined in technology file in preferred direction.
Set Default Net Delay as 1000 ps.
Set Default Net Load as 0.5 pF. 
Set Default Input Pin Transition as 0.1 ps.
**WARN: (IMPSYT-7328):	The design has been initialized in physical-only mode because the init_mmmc_file global variable was not defined. Timing analysis will not be possible within this session. You can only use commands that do not depend on timing data. If you need to use timing, you need to restart with an init_mmmc_file to define the timing setup, or you can save this design and use restoreDesign -mmmc_file <viewDef.tcl> to add the timing setup information.
Extraction setup Started 

*** Summary of all messages that are not suppressed in this session:
Severity  ID               Count  Summary                                  
WARNING   IMPLF-155            1  ViaRule only supports routing/cut layer,...
WARNING   IMPSYT-7328          1  The design has been initialized in physi...
ERROR     IMPOAX-820           1  The OA features are disabled in the curr...
ERROR     IMPOAX-850           1  %s command cannot be run as OA features ...
*** Message Summary: 2 warning(s), 2 error(s)

<CMD> getIoFlowFlag
<CMD> setFPlanRowSpacingAndType 5.0 1
Row spacing should be a multiple of the first horizontal routing layer pitch.
Adjusting row spacing to 5.13.
<CMD> setIoFlowFlag 0
<CMD> floorPlan -flip n -site CoreSite -r 1 0.7 10.0 10 10 10.0
Horizontal Layer M1 offset = 190 (guessed)
Vertical Layer M2 offset = 190 (guessed)
Suggestion: specify LAYER OFFSET in LEF file
Reason: hard to extract LAYER OFFSET from standard cells
Generated pitch 1.68 in metal10 is different from 1.71 defined in technology file in preferred direction.
Generated pitch 0.84 in metal8 is different from 0.855 defined in technology file in preferred direction.
Generated pitch 0.95 in metal7 is different from 0.855 defined in technology file in preferred direction.
Generated pitch 0.28 in metal6 is different from 0.285 defined in technology file in preferred direction.
Generated pitch 0.28 in metal4 is different from 0.285 defined in technology file in preferred direction.
**WARN: (IMPFP-325):	Floorplan of the design is resized. All current floorplan objects are automatically derived based on specified new floorplan. This may change blocks, fixed standard cells, existing routes and blockages.
<CMD> uiSetTool select
<CMD> getIoFlowFlag
<CMD> fit
<CMD> set sprCreateIeRingOffset 1.0
<CMD> set sprCreateIeRingThreshold 1.0
<CMD> set sprCreateIeRingJogDistance 1.0
<CMD> set sprCreateIeRingLayers {}
<CMD> set sprCreateIeRingOffset 1.0
<CMD> set sprCreateIeRingThreshold 1.0
<CMD> set sprCreateIeRingJogDistance 1.0
<CMD> set sprCreateIeRingLayers {}
<CMD> set sprCreateIeStripeWidth 10.0
<CMD> set sprCreateIeStripeThreshold 1.0
<CMD> set sprCreateIeStripeWidth 10.0
<CMD> set sprCreateIeStripeThreshold 1.0
<CMD> set sprCreateIeRingOffset 1.0
<CMD> set sprCreateIeRingThreshold 1.0
<CMD> set sprCreateIeRingJogDistance 1.0
<CMD> set sprCreateIeRingLayers {}
<CMD> set sprCreateIeStripeWidth 10.0
<CMD> set sprCreateIeStripeThreshold 1.0
<CMD> setAddRingMode -ring_target default -extend_over_row 0 -ignore_rows 0 -avoid_short 0 -skip_crossing_trunks none -stacked_via_top_layer metal10 -stacked_via_bottom_layer metal1 -via_using_exact_crossover_size 1 -orthogonal_only true -skip_via_on_pin {  standardcell } -skip_via_on_wire_shape {  noshape }
The ring targets are set to core/block ring wires.
addRing command will consider rows while creating rings.
addRing command will disallow rings to go over rows.
addRing command will ignore shorts while creating rings.
<CMD> addRing -nets {1'b0 1'b1} -type core_rings -follow core -layer {top metal1 bottom metal1 left metal2 right metal2} -width {top 0.5 bottom 0.5 left 0.5 right 0.5} -spacing {top 0.3 bottom 0.3 left 0.3 right 0.3} -offset {top 1.8 bottom 1.8 left 1.8 right 1.8} -center 1 -extend_corner {} -threshold 0 -jog_distance 0 -snap_wire_center_to_grid None

Ring generation is complete.
vias are now being generated.
addRing created 8 wires.
ViaGen created 8 vias, deleted 0 via to avoid violation.
+--------+----------------+----------------+
|  Layer |     Created    |     Deleted    |
+--------+----------------+----------------+
| metal1 |        4       |       NA       |
|  via1  |        8       |        0       |
| metal2 |        4       |       NA       |
+--------+----------------+----------------+
**WARN: (IMPTCM-77):	Option "-drouteStartIteration" for command getNanoRouteMode is obsolete and will be removed in a future release. The obsolete option still works in this release but to avoid this warning and to ensure compatibility with future releases, remove the obsolete option from your script.
**WARN: (IMPTCM-77):	Option "-modulePlan" for command getPlaceMode is obsolete and will be removed in a future release. The obsolete option still works in this release but to avoid this warning and to ensure compatibility with future releases, remove the obsolete option from your script.
**WARN: (IMPTCM-125):	Option "-checkPinLayerForAccess" for command getPlaceMode is obsolete and will be ignored. It no longer has any effect and should be removed from your script.
<CMD> setRouteMode -earlyGlobalHonorMsvRouteConstraint false -earlyGlobalRoutePartitionPinGuide true
<CMD> setEndCapMode -reset
<CMD> setEndCapMode -boundary_tap false
<CMD> setNanoRouteMode -quiet -droutePostRouteSpreadWire 1
**WARN: (IMPTCM-77):	Option "-drouteStartIteration" for command getNanoRouteMode is obsolete and will be removed in a future release. The obsolete option still works in this release but to avoid this warning and to ensure compatibility with future releases, remove the obsolete option from your script.
**WARN: (IMPTCM-77):	Option "-drouteStartIteration" for command getNanoRouteMode is obsolete and will be removed in a future release. The obsolete option still works in this release but to avoid this warning and to ensure compatibility with future releases, remove the obsolete option from your script.
**WARN: (IMPTCM-77):	Option "-envDontUseLicsForThreadings" for command getNanoRouteMode is obsolete and will be removed in a future release. The obsolete option still works in this release but to avoid this warning and to ensure compatibility with future releases, remove the obsolete option from your script.
**WARN: (IMPTCM-77):	Option "-routeAllowPowerGroundPin" for command getNanoRouteMode is obsolete and will be removed in a future release. The obsolete option still works in this release but to avoid this warning and to ensure compatibility with future releases, remove the obsolete option from your script.
**WARN: (IMPTCM-77):	Option "-routeAllowPowerGroundPin" for command getNanoRouteMode is obsolete and will be removed in a future release. The obsolete option still works in this release but to avoid this warning and to ensure compatibility with future releases, remove the obsolete option from your script.
**WARN: (IMPTCM-77):	Option "-routeEcoOnlyInLayers" for command getNanoRouteMode is obsolete and will be removed in a future release. The obsolete option still works in this release but to avoid this warning and to ensure compatibility with future releases, remove the obsolete option from your script.
<CMD> setUsefulSkewMode -maxSkew false -noBoundary false -useCells {} -maxAllowedDelay 1
**WARN: (IMPOPT-6036):	-useCells list is empty.
**WARN: (IMPTCM-77):	Option "-modulePlan" for command getPlaceMode is obsolete and will be removed in a future release. The obsolete option still works in this release but to avoid this warning and to ensure compatibility with future releases, remove the obsolete option from your script.
<CMD> setPlaceMode -reset
<CMD> setPlaceMode -congEffort auto -timingDriven 1 -modulePlan 1 -clkGateAware 0 -powerDriven 0 -ignoreScan 1 -reorderScan 1 -ignoreSpare 1 -placeIOPins 1 -moduleAwareSpare 0 -checkPinLayerForAccess {  1 } -preserveRouting 0 -rmAffectedRouting 0 -checkRoute 0 -swapEEQ 0
**WARN: (IMPTCM-77):	Option "-modulePlan" for command setPlaceMode is obsolete and will be removed in a future release. The obsolete option still works in this release but to avoid this warning and to ensure compatibility with future releases, remove the obsolete option from your script.
**WARN: (IMPTCM-125):	Option "-checkPinLayerForAccess" for command setPlaceMode is obsolete and will be ignored. It no longer has any effect and should be removed from your script.
<CMD> setPlaceMode -fp false
<CMD> placeDesign
**WARN: (IMPSP-9513):	Timing constraint file does not exist
**WARN: (IMPSP-9514):	Non-TimingDriven placement will be performed.
*** Starting placeDesign default flow ***
Deleted 0 physical inst  (cell - / prefix -).
Extracting standard cell pins and blockage ...... 
Pin and blockage extraction finished
Extracting macro/IO cell pins and blockage ...... 
Pin and blockage extraction finished
*** Starting "NanoPlace(TM) placement v#10 (mem=867.0M)" ...
No user setting net weight.
Options: ignoreScan ignoreSpare pinGuide congEffort=auto gpeffort=medium 
**WARN: (IMPSP-9042):	Scan chains were not defined, -place_global_ignore_scan option will be ignored.
Define the scan chains before using this option.
Type 'man IMPSP-9042' for more detail.
#std cell=1795 (0 fixed + 1795 movable) #block=0 (0 floating + 0 preplaced)
#ioInst=0 #net=1923 #term=6391 #term/net=3.32, #fixedIo=0, #floatIo=0, #fixedPin=0, #floatPin=276
stdCell: 1795 single + 0 double + 0 multi
Total standard cell length = 2.0579 (mm), area = 0.0051 (mm^2)
**Info: (IMPSP-307): Design contains fractional 20 cells.
Estimated cell power/ground rail width = 0.308 um
Average module density = 0.762.
Density for the design = 0.762.
       = stdcell_area 5416 sites (5083 um^2) / alloc_area 7109 sites (6672 um^2).
Pin Density = 0.7989.
            = total # of pins 6391 / total area 8000.
=== lastAutoLevel = 7 
**WARN: (IMPSP-9531):	Turning off clkGateAware when timingDriven is off
Iteration  1: Total net bbox = 1.174e-10 (5.60e-11 6.14e-11)
              Est.  stn bbox = 1.233e-10 (5.91e-11 6.42e-11)
              cpu = 0:00:00.0 real = 0:00:00.0 mem = 878.0M
Iteration  2: Total net bbox = 1.174e-10 (5.60e-11 6.14e-11)
              Est.  stn bbox = 1.233e-10 (5.91e-11 6.42e-11)
              cpu = 0:00:00.0 real = 0:00:00.0 mem = 878.0M
Iteration  3: Total net bbox = 1.098e+01 (6.77e+00 4.21e+00)
              Est.  stn bbox = 1.296e+01 (8.07e+00 4.89e+00)
              cpu = 0:00:00.0 real = 0:00:00.0 mem = 895.0M
Iteration  4: Total net bbox = 2.436e+04 (1.28e+04 1.16e+04)
              Est.  stn bbox = 3.076e+04 (1.59e+04 1.48e+04)
              cpu = 0:00:00.4 real = 0:00:01.0 mem = 895.0M
Iteration  5: Total net bbox = 2.729e+04 (1.43e+04 1.30e+04)
              Est.  stn bbox = 3.520e+04 (1.83e+04 1.69e+04)
              cpu = 0:00:00.5 real = 0:00:00.0 mem = 895.0M
Iteration  6: Total net bbox = 2.750e+04 (1.44e+04 1.31e+04)
              Est.  stn bbox = 3.531e+04 (1.83e+04 1.70e+04)
              cpu = 0:00:00.3 real = 0:00:01.0 mem = 895.0M
Iteration  7: Total net bbox = 3.514e+04 (1.79e+04 1.73e+04)
              Est.  stn bbox = 4.395e+04 (2.21e+04 2.18e+04)
              cpu = 0:00:00.0 real = 0:00:00.0 mem = 898.0M
Iteration  8: Total net bbox = 3.514e+04 (1.79e+04 1.73e+04)
              Est.  stn bbox = 4.395e+04 (2.21e+04 2.18e+04)
              cpu = 0:00:00.0 real = 0:00:00.0 mem = 898.0M
Iteration  9: Total net bbox = 3.521e+04 (1.81e+04 1.71e+04)
              Est.  stn bbox = 4.425e+04 (2.25e+04 2.18e+04)
              cpu = 0:00:00.2 real = 0:00:00.0 mem = 896.0M
Iteration 10: Total net bbox = 3.547e+04 (1.80e+04 1.74e+04)
              Est.  stn bbox = 4.453e+04 (2.24e+04 2.21e+04)
              cpu = 0:00:00.7 real = 0:00:00.0 mem = 896.0M
Iteration 11: Total net bbox = 3.547e+04 (1.80e+04 1.74e+04)
              Est.  stn bbox = 4.453e+04 (2.24e+04 2.21e+04)
              cpu = 0:00:00.0 real = 0:00:00.0 mem = 896.0M
*** cost = 3.547e+04 (1.80e+04 1.74e+04) (cpu for global=0:00:02.0) real=0:00:03.0***
Solver runtime cpu: 0:00:01.9 real: 0:00:01.9
Core Placement runtime cpu: 0:00:01.9 real: 0:00:03.0
**WARN: (IMPSP-9025):	No scan chain specified/traced.
Type 'man IMPSP-9025' for more detail.
**Info: (IMPSP-307): Design contains fractional 20 cells.
*** Starting refinePlace (0:00:14.7 mem=896.0M) ***
Total net bbox length = 3.556e+04 (1.798e+04 1.758e+04) (ext = 5.849e+03)
Density distribution unevenness ratio = 7.614%
Move report: Detail placement moves 1795 insts, mean move: 1.35 um, max move: 14.02 um
	Max move on inst (_1704_): (57.21, 132.45) --> (64.41, 139.27)
	Runtime: CPU: 0:00:00.2 REAL: 0:00:01.0 MEM: 902.0MB
Summary Report:
Instances move: 1795 (out of 1795 movable)
Instances flipped: 0
Mean displacement: 1.35 um
Max displacement: 14.02 um (Instance: _1704_) (57.2145, 132.446) -> (64.41, 139.27)
	Length: 2 sites, height: 1 rows, site name: CoreSite, cell type: NAND2X1
Total net bbox length = 3.554e+04 (1.812e+04 1.742e+04) (ext = 5.880e+03)
Runtime: CPU: 0:00:00.2 REAL: 0:00:01.0 MEM: 902.0MB
*** Finished refinePlace (0:00:14.9 mem=902.0M) ***
*** End of Placement (cpu=0:00:02.2, real=0:00:04.0, mem=902.0M) ***
**Info: (IMPSP-307): Design contains fractional 20 cells.
default core: bins with density >  0.75 = 35.7 % ( 5 / 14 )
Density distribution unevenness ratio = 7.614%
Starting IO pin assignment...
The design is not routed. Using flight-line based method for pin assignment.
Completed IO pin assignment.
Starting congestion repair ...
[NR-eGR] honorMsvRouteConstraint: false
[NR-eGR] honorClockSpecNDR      : 0
[NR-eGR] minRouteLayer          : 2
[NR-eGR] maxRouteLayer          : 127
[NR-eGR] numTracksPerClockWire  : 0
[NR-eGR] Layer1 has no routable track
[NR-eGR] Layer2 has single uniform track structure
[NR-eGR] Layer3 has single uniform track structure
[NR-eGR] Layer4 has single uniform track structure
[NR-eGR] Layer5 has single uniform track structure
[NR-eGR] Layer6 has single uniform track structure
[NR-eGR] Layer7 has single uniform track structure
[NR-eGR] Layer8 has single uniform track structure
[NR-eGR] Layer9 has single uniform track structure
[NR-eGR] Layer10 has single uniform track structure
[NR-eGR] numRoutingBlks=0 numInstBlks=82 numPGBlocks=12 numBumpBlks=0 numBoundaryFakeBlks=0
[NR-eGR] numPreroutedNet = 0  numPreroutedWires = 0
[NR-eGR] Read numTotalNets=1923  numIgnoredNets=0
[NR-eGR] ============ Routing rule table ============
[NR-eGR] Rule id 0. Nets 1923 
[NR-eGR] id=0  ndrTrackId=0  ndrViaId=-1  extraSpace=0  numShields=0  maxHorDemand=1  maxVerDemand=1
[NR-eGR] Pitch:  L1=260  L2=380  L3=380  L4=560  L5=570  L6=560  L7=1900  L8=1680  L9=3420  L10=3360
[NR-eGR] ========================================
[NR-eGR] 
[NR-eGR] Layer group 1: route 1923 net(s) in layer range [2, 10]
[NR-eGR] earlyGlobalRoute overflow of layer group 1: 0.00% H + 0.00% V. EstWL: 4.225676e+04um
[NR-eGR] 
[NR-eGR] Congestion Analysis Layer By layer: (blocked Gcells are excluded) 
[NR-eGR]                OverCon            
[NR-eGR]                 #Gcell     %Gcell
[NR-eGR] Layer              (0)    OverCon 
[NR-eGR] ------------------------------------
[NR-eGR] Layer1       0( 0.00%)   ( 0.00%) 
[NR-eGR] Layer2       0( 0.00%)   ( 0.00%) 
[NR-eGR] Layer3       0( 0.00%)   ( 0.00%) 
[NR-eGR] Layer4       0( 0.00%)   ( 0.00%) 
[NR-eGR] Layer5       0( 0.00%)   ( 0.00%) 
[NR-eGR] Layer6       0( 0.00%)   ( 0.00%) 
[NR-eGR] Layer7       0( 0.00%)   ( 0.00%) 
[NR-eGR] Layer8       0( 0.00%)   ( 0.00%) 
[NR-eGR] Layer9       0( 0.00%)   ( 0.00%) 
[NR-eGR] Layer10       0( 0.00%)   ( 0.00%) 
[NR-eGR] ------------------------------------
[NR-eGR] Total        0( 0.00%)   ( 0.00%) 
[NR-eGR] 
[NR-eGR] Overflow after earlyGlobalRoute (GR compatible) 0.00% H + 0.00% V
[NR-eGR] Overflow after earlyGlobalRoute 0.00% H + 0.00% V
Local HotSpot Analysis: normalized max congestion hotspot area = 0.00, normalized total congestion hotspot area = 0.00 (area is in unit of 4 std-cell row bins)
Skipped repairing congestion.
[NR-eGR] --------------------------------------------------------------------------
[NR-eGR] Layer1(metal1)(F) length: 0.000000e+00um, number of vias: 6107
[NR-eGR] Layer2(metal2)(V) length: 1.393842e+04um, number of vias: 7506
[NR-eGR] Layer3(metal3)(H) length: 1.526642e+04um, number of vias: 1749
[NR-eGR] Layer4(metal4)(V) length: 8.146523e+03um, number of vias: 1496
[NR-eGR] Layer5(metal5)(H) length: 7.001488e+03um, number of vias: 28
[NR-eGR] Layer6(metal6)(V) length: 8.236500e+01um, number of vias: 11
[NR-eGR] Layer7(metal7)(H) length: 3.019500e+01um, number of vias: 3
[NR-eGR] Layer8(metal8)(V) length: 1.900000e-01um, number of vias: 3
[NR-eGR] Layer9(metal9)(H) length: 9.350000e-01um, number of vias: 0
[NR-eGR] Layer10(metal10)(V) length: 0.000000e+00um, number of vias: 0
[NR-eGR] Total length: 4.446653e+04um, number of vias: 16903
[NR-eGR] --------------------------------------------------------------------------
[NR-eGR] Total clock nets wire length: 0.000000e+00um 
[NR-eGR] --------------------------------------------------------------------------
End of congRepair (cpu=0:00:00.1, real=0:00:00.0)
*** Finishing placeDesign default flow ***
**placeDesign ... cpu = 0: 0: 2, real = 0: 0: 4, mem = 919.0M **

*** Summary of all messages that are not suppressed in this session:
Severity  ID               Count  Summary                                  
WARNING   IMPSP-9513           1  Timing constraint file does not exist    
WARNING   IMPSP-9514           1  Non-TimingDriven placement will be perfo...
WARNING   IMPSP-9531           1  Turning off clkGateAware when timingDriv...
WARNING   IMPSP-9025           1  No scan chain specified/traced.          
WARNING   IMPSP-9042           1  Scan chains were not defined, -place_glo...
*** Message Summary: 5 warning(s), 0 error(s)

<CMD> fit
**WARN: (IMPTCM-77):	Option "-drouteStartIteration" for command getNanoRouteMode is obsolete and will be removed in a future release. The obsolete option still works in this release but to avoid this warning and to ensure compatibility with future releases, remove the obsolete option from your script.
<CMD> setNanoRouteMode -quiet -timingEngine {}
<CMD> setNanoRouteMode -quiet -routeWithSiPostRouteFix 0
**WARN: (IMPTCM-77):	Option "-drouteStartIteration" for command getNanoRouteMode is obsolete and will be removed in a future release. The obsolete option still works in this release but to avoid this warning and to ensure compatibility with future releases, remove the obsolete option from your script.
<CMD> setNanoRouteMode -quiet -drouteStartIteration default
**WARN: (IMPTCM-77):	Option "-drouteStartIteration" for command setNanoRouteMode is obsolete and will be removed in a future release. The obsolete option still works in this release but to avoid this warning and to ensure compatibility with future releases, remove the obsolete option from your script.
<CMD> setNanoRouteMode -quiet -routeTopRoutingLayer default
<CMD> setNanoRouteMode -quiet -routeBottomRoutingLayer default
<CMD> setNanoRouteMode -quiet -drouteEndIteration default
**WARN: (IMPTCM-77):	Option "-routeEcoOnlyInLayers" for command getNanoRouteMode is obsolete and will be removed in a future release. The obsolete option still works in this release but to avoid this warning and to ensure compatibility with future releases, remove the obsolete option from your script.
<CMD> setNanoRouteMode -quiet -routeWithTimingDriven false
<CMD> setNanoRouteMode -quiet -routeWithSiDriven false
Running Native NanoRoute ...
<CMD> routeDesign -globalDetail
#routeDesign: cpu time = 00:00:00, elapsed time = 00:00:00, memory = 800.80 (MB), peak = 800.80 (MB)
#WARNING (NRIG-96) Selected single pass global detail route "-globalDetail". Clock eco and post optimizations will not be run. See "man NRIG-96" for more details.
#**INFO: setDesignMode -flowEffort standard
#**INFO: mulit-cut via swapping is disabled by user.
#**INFO: All auto set options tuned by routeDesign will be restored to their original settings on command completion.
#**INFO: auto set of routeReserveSpaceForMultiCut to true
#**INFO: auto set of routeConcurrentMinimizeViaCountEffort to high
**Info: (IMPSP-307): Design contains fractional 20 cells.
Begin checking placement ... (start mem=922.4M, init mem=922.4M)
*info: Placed = 1795          
*info: Unplaced = 0           
Placement Density:67.69%(5083/7509)
Placement Density (including fixed std cells):67.69%(5083/7509)
Finished checkPlace (cpu: total=0:00:00.0, vio checks=0:00:00.0; mem=922.4M)
#**INFO: honoring user setting for routeWithTimingDriven set to false
#**INFO: honoring user setting for routeWithSiDriven set to false
**WARN: (IMPCK-8086):	The command changeUseClockNetStatus is obsolete and will be removed in the next release. This command still works in this release, but by the next release you must transition to the CCOpt-based CTS flow.

changeUseClockNetStatus Option :  -noFixedNetWires 
*** Changed status on (0) nets in Clock.
*** End changeUseClockNetStatus (cpu=0:00:00.0, real=0:00:00.0, mem=922.4M) ***

globalDetailRoute

#setNanoRouteMode -droutePostRouteSpreadWire "1"
#setNanoRouteMode -routeConcurrentMinimizeViaCountEffort "high"
#setNanoRouteMode -routeReserveSpaceForMultiCut true
#setNanoRouteMode -routeWithSiDriven false
#setNanoRouteMode -routeWithTimingDriven false
#Start globalDetailRoute on Wed Nov 26 23:26:11 2025
#
#WARNING (NRDB-2005) SPECIAL_NET 1'b1 has special wires but no definitions for instance pins or top level pins. This will cause routability problems later.
#WARNING (NRDB-2005) SPECIAL_NET 1'b0 has special wires but no definitions for instance pins or top level pins. This will cause routability problems later.
#WARNING (NRDB-976) The TRACK STEP 0.2800 for preferred direction tracks is smaller than the PITCH 0.2850 for LAYER metal4. This will cause routability problems for NanoRoute.
#WARNING (NRDB-976) The TRACK STEP 0.2800 for preferred direction tracks is smaller than the PITCH 0.2850 for LAYER metal6. This will cause routability problems for NanoRoute.
#WARNING (NRDB-976) The TRACK STEP 0.8400 for preferred direction tracks is smaller than the PITCH 0.8550 for LAYER metal8. This will cause routability problems for NanoRoute.
#WARNING (NRDB-976) The TRACK STEP 1.6800 for preferred direction tracks is smaller than the PITCH 1.7100 for LAYER metal10. This will cause routability problems for NanoRoute.
#NanoRoute Version 17.11-s080_1 NR170721-2155/17_11-UB
#Start routing data preparation on Wed Nov 26 23:26:11 2025
#
#WARNING (NRDB-2077) The below via enclosure for LAYER metal1 is not specified for width 0.0650.
#WARNING (NRDB-2078) The above via enclosure for LAYER metal2 is not specified for width 0.0700.
#WARNING (NRDB-2077) The below via enclosure for LAYER metal1 is not specified for width 0.0650.
#WARNING (NRDB-2078) The above via enclosure for LAYER metal2 is not specified for width 0.0700.
#WARNING (NRDB-2077) The below via enclosure for LAYER metal2 is not specified for width 0.0700.
#WARNING (NRDB-2078) The above via enclosure for LAYER metal3 is not specified for width 0.0700.
#WARNING (NRDB-2077) The below via enclosure for LAYER metal2 is not specified for width 0.0700.
#WARNING (NRDB-2078) The above via enclosure for LAYER metal3 is not specified for width 0.0700.
#WARNING (NRDB-2077) The below via enclosure for LAYER metal3 is not specified for width 0.0700.
#WARNING (NRDB-2078) The above via enclosure for LAYER metal4 is not specified for width 0.1400.
#WARNING (NRDB-2077) The below via enclosure for LAYER metal3 is not specified for width 0.0700.
#WARNING (NRDB-2078) The above via enclosure for LAYER metal4 is not specified for width 0.1400.
#WARNING (NRDB-2077) The below via enclosure for LAYER metal4 is not specified for width 0.1400.
#WARNING (NRDB-2078) The above via enclosure for LAYER metal5 is not specified for width 0.1400.
#WARNING (NRDB-2077) The below via enclosure for LAYER metal4 is not specified for width 0.1400.
#WARNING (NRDB-2078) The above via enclosure for LAYER metal5 is not specified for width 0.1400.
#WARNING (NRDB-2077) The below via enclosure for LAYER metal5 is not specified for width 0.1400.
#WARNING (NRDB-2078) The above via enclosure for LAYER metal6 is not specified for width 0.1400.
#WARNING (NRDB-2077) The below via enclosure for LAYER metal5 is not specified for width 0.1400.
#WARNING (NRDB-2078) The above via enclosure for LAYER metal6 is not specified for width 0.1400.
#WARNING (NRDB-2077) The below via enclosure for LAYER metal6 is not specified for width 0.1400.
#WARNING (NRDB-2078) The above via enclosure for LAYER metal7 is not specified for width 0.4000.
#WARNING (NRDB-2077) The below via enclosure for LAYER metal6 is not specified for width 0.1400.
#WARNING (NRDB-2078) The above via enclosure for LAYER metal7 is not specified for width 0.4000.
#WARNING (NRDB-2077) The below via enclosure for LAYER metal7 is not specified for width 0.4000.
#WARNING (NRDB-2078) The above via enclosure for LAYER metal8 is not specified for width 0.4000.
#WARNING (NRDB-2077) The below via enclosure for LAYER metal7 is not specified for width 0.4000.
#WARNING (NRDB-2078) The above via enclosure for LAYER metal8 is not specified for width 0.4000.
#WARNING (NRDB-2077) The below via enclosure for LAYER metal8 is not specified for width 0.4000.
#WARNING (NRDB-2078) The above via enclosure for LAYER metal9 is not specified for width 0.8000.
#WARNING (NRDB-2077) The below via enclosure for LAYER metal8 is not specified for width 0.4000.
#WARNING (NRDB-2078) The above via enclosure for LAYER metal9 is not specified for width 0.8000.
#WARNING (NRDB-2077) The below via enclosure for LAYER metal9 is not specified for width 0.8000.
#WARNING (NRDB-2078) The above via enclosure for LAYER metal10 is not specified for width 0.8000.
#WARNING (NRDB-2077) The below via enclosure for LAYER metal9 is not specified for width 0.8000.
#WARNING (NRDB-2078) The above via enclosure for LAYER metal10 is not specified for width 0.8000.
# metal1       H   Track-Pitch = 0.1900    Line-2-Via Pitch = 0.1300
# metal2       V   Track-Pitch = 0.1900    Line-2-Via Pitch = 0.1450
# metal3       H   Track-Pitch = 0.1900    Line-2-Via Pitch = 0.1400
# metal4       V   Track-Pitch = 0.2800    Line-2-Via Pitch = 0.2800
# metal5       H   Track-Pitch = 0.2850    Line-2-Via Pitch = 0.2800
# metal6       V   Track-Pitch = 0.2800    Line-2-Via Pitch = 0.2800
# metal7       H   Track-Pitch = 0.9500    Line-2-Via Pitch = 0.8000
# metal8       V   Track-Pitch = 0.8400    Line-2-Via Pitch = 0.8000
# metal9       H   Track-Pitch = 1.7100    Line-2-Via Pitch = 1.6000
# metal10      V   Track-Pitch = 1.6800    Line-2-Via Pitch = 1.6000
#Regenerating Ggrids automatically.
#Auto generating G-grids with size=15 tracks, using layer metal3's pitch = 0.1900.
#Using automatically generated G-grids.
#Done routing data preparation.
#cpu time = 00:00:00, elapsed time = 00:00:00, memory = 811.36 (MB), peak = 844.11 (MB)
#Merging special wires...
#
#Finished routing data preparation on Wed Nov 26 23:26:11 2025
#
#Cpu time = 00:00:00
#Elapsed time = 00:00:00
#Increased memory = 7.75 (MB)
#Total memory = 811.55 (MB)
#Peak memory = 844.11 (MB)
#
#
#Start global routing on Wed Nov 26 23:26:11 2025
#
#Number of eco nets is 0
#
#Start global routing data preparation on Wed Nov 26 23:26:11 2025
#
#Start routing resource analysis on Wed Nov 26 23:26:11 2025
#
#Routing resource analysis is done on Wed Nov 26 23:26:11 2025
#
#  Resource Analysis:
#
#               Routing  #Avail      #Track     #Total     %Gcell
#  Layer      Direction   Track     Blocked      Gcell    Blocked
#  --------------------------------------------------------------
#  metal1         H         879           0        3540     0.00%
#  metal2         V         899           8        3540     0.00%
#  metal3         H         879           0        3540     0.00%
#  metal4         V         604           0        3540     0.00%
#  metal5         H         585           0        3540     0.00%
#  metal6         V         604           0        3540     0.00%
#  metal7         H         175           0        3540     0.00%
#  metal8         V         205           0        3540     0.00%
#  metal9         H          97           0        3540     0.03%
#  metal10        V         102           0        3540     0.00%
#  --------------------------------------------------------------
#  Total                   5029       0.09%       35400     0.00%
#
#
#
#
#Global routing data preparation is done on Wed Nov 26 23:26:11 2025
#
#cpu time = 00:00:00, elapsed time = 00:00:00, memory = 812.66 (MB), peak = 844.11 (MB)
#
#cpu time = 00:00:00, elapsed time = 00:00:00, memory = 812.66 (MB), peak = 844.11 (MB)
#
#start global routing iteration 1...
#cpu time = 00:00:00, elapsed time = 00:00:00, memory = 822.82 (MB), peak = 844.11 (MB)
#
#start global routing iteration 2...
#cpu time = 00:00:00, elapsed time = 00:00:00, memory = 823.74 (MB), peak = 844.11 (MB)
#
#
#Total number of trivial nets (e.g. < 2 pins) = 48 (skipped).
#Total number of routable nets = 1923.
#Total number of nets in the design = 1971.
#
#1923 routable nets have only global wires.
#
#Routed nets constraints summary:
#-----------------------------
#        Rules   Unconstrained  
#-----------------------------
#      Default            1923  
#-----------------------------
#        Total            1923  
#-----------------------------
#
#Routing constraints summary of the whole design:
#-----------------------------
#        Rules   Unconstrained  
#-----------------------------
#      Default            1923  
#-----------------------------
#        Total            1923  
#-----------------------------
#
#
#  Congestion Analysis: (blocked Gcells are excluded)
#
#                 OverCon          
#                  #Gcell    %Gcell
#     Layer           (1)   OverCon
#  --------------------------------
#  metal1        0(0.00%)   (0.00%)
#  metal2        0(0.00%)   (0.00%)
#  metal3        0(0.00%)   (0.00%)
#  metal4        0(0.00%)   (0.00%)
#  metal5        0(0.00%)   (0.00%)
#  metal6        0(0.00%)   (0.00%)
#  metal7        0(0.00%)   (0.00%)
#  metal8        0(0.00%)   (0.00%)
#  metal9        0(0.00%)   (0.00%)
#  metal10       0(0.00%)   (0.00%)
#  --------------------------------
#     Total      0(0.00%)   (0.00%)
#
#  The worst congested Gcell overcon (routing demand over resource in number of tracks) = 1
#  Overflow after GR: 0.00% H + 0.00% V
#
[hotspot] +------------+---------------+---------------+
[hotspot] |            |   max hotspot | total hotspot |
[hotspot] +------------+---------------+---------------+
[hotspot] | normalized |          0.00 |          0.00 |
[hotspot] +------------+---------------+---------------+
Local HotSpot Analysis: normalized max congestion hotspot area = 0.00, normalized total congestion hotspot area = 0.00 (area is in unit of 4 std-cell row bins)
#Complete Global Routing.
#Total wire length = 41662 um.
#Total half perimeter of net bounding box = 37773 um.
#Total wire length on LAYER metal1 = 5181 um.
#Total wire length on LAYER metal2 = 20161 um.
#Total wire length on LAYER metal3 = 15744 um.
#Total wire length on LAYER metal4 = 343 um.
#Total wire length on LAYER metal5 = 216 um.
#Total wire length on LAYER metal6 = 17 um.
#Total wire length on LAYER metal7 = 0 um.
#Total wire length on LAYER metal8 = 0 um.
#Total wire length on LAYER metal9 = 0 um.
#Total wire length on LAYER metal10 = 0 um.
#Total number of vias = 10552
#Up-Via Summary (total 10552):
#           
#-----------------------
# metal1           6799
# metal2           3618
# metal3             66
# metal4             41
# metal5             12
# metal6             10
# metal7              3
# metal8              3
#-----------------------
#                 10552 
#
#Max overcon = 0 track.
#Total overcon = 0.00%.
#Worst layer Gcell overcon rate = 0.00%.
#
#Global routing statistics:
#Cpu time = 00:00:00
#Elapsed time = 00:00:00
#Increased memory = 12.61 (MB)
#Total memory = 824.17 (MB)
#Peak memory = 844.11 (MB)
#
#Finished global routing on Wed Nov 26 23:26:11 2025
#
#
#cpu time = 00:00:00, elapsed time = 00:00:00, memory = 816.73 (MB), peak = 844.11 (MB)
#Start Track Assignment.
#Done with 3044 horizontal wires in 1 hboxes and 2627 vertical wires in 1 hboxes.
#Done with 698 horizontal wires in 1 hboxes and 477 vertical wires in 1 hboxes.
#Done with 1 horizontal wires in 1 hboxes and 1 vertical wires in 1 hboxes.
#
#Track assignment summary:
# layer   (wire length)   (overlap)     (long ovlp)	(with obs/pg/clk)  
#------------------------------------------------------------------------
# metal1      5189.65 	  0.02%  	  0.00% 	  0.00%
# metal2     19943.80 	  0.03%  	  0.00% 	  0.01%
# metal3     15469.89 	  0.11%  	  0.00% 	  0.00%
# metal4       347.35 	  0.00%  	  0.00% 	  0.00%
# metal5       221.21 	  0.00%  	  0.00% 	  0.00%
# metal6        17.24 	  0.00%  	  0.00% 	  0.00%
# metal7         0.00 	  0.00%  	  0.00% 	  0.00%
# metal8         0.00 	  0.00%  	  0.00% 	  0.00%
# metal9         0.00 	  0.00%  	  0.00% 	  0.00%
# metal10        0.00 	  0.00%  	  0.00% 	  0.00%
#------------------------------------------------------------------------
# All       41189.13  	  0.06% 	  0.00% 	  0.00%
#Complete Track Assignment.
#Total wire length = 43577 um.
#Total half perimeter of net bounding box = 37773 um.
#Total wire length on LAYER metal1 = 6817 um.
#Total wire length on LAYER metal2 = 19958 um.
#Total wire length on LAYER metal3 = 16202 um.
#Total wire length on LAYER metal4 = 350 um.
#Total wire length on LAYER metal5 = 232 um.
#Total wire length on LAYER metal6 = 17 um.
#Total wire length on LAYER metal7 = 1 um.
#Total wire length on LAYER metal8 = 0 um.
#Total wire length on LAYER metal9 = 1 um.
#Total wire length on LAYER metal10 = 0 um.
#Total number of vias = 10552
#Up-Via Summary (total 10552):
#           
#-----------------------
# metal1           6799
# metal2           3618
# metal3             66
# metal4             41
# metal5             12
# metal6             10
# metal7              3
# metal8              3
#-----------------------
#                 10552 
#
#cpu time = 00:00:00, elapsed time = 00:00:00, memory = 818.76 (MB), peak = 844.11 (MB)
#
#Routing data preparation, pin analysis, global routing and track assignment statistics:
#Cpu time = 00:00:01
#Elapsed time = 00:00:01
#Increased memory = 15.16 (MB)
#Total memory = 818.97 (MB)
#Peak memory = 844.11 (MB)
#
#Start Detail Routing..
#start initial detail routing ...
#   number of violations = 300
#
#    By Layer and Type :
#	         MetSpc    Short     Loop   Totals
#	metal1        0      282        0      282
#	metal2       15        2        1       18
#	Totals       15      284        1      300
#cpu time = 00:00:10, elapsed time = 00:00:10, memory = 872.14 (MB), peak = 875.41 (MB)
#start 1st optimization iteration ...
#   number of violations = 2
#
#    By Layer and Type :
#	         MetSpc    Short   Totals
#	metal1        0        0        0
#	metal2        1        1        2
#	Totals        1        1        2
#cpu time = 00:00:02, elapsed time = 00:00:02, memory = 834.20 (MB), peak = 875.41 (MB)
#start 2nd optimization iteration ...
#   number of violations = 0
#cpu time = 00:00:00, elapsed time = 00:00:00, memory = 834.20 (MB), peak = 875.41 (MB)
#Complete Detail Routing.
#Total wire length = 44221 um.
#Total half perimeter of net bounding box = 37773 um.
#Total wire length on LAYER metal1 = 4862 um.
#Total wire length on LAYER metal2 = 21372 um.
#Total wire length on LAYER metal3 = 16387 um.
#Total wire length on LAYER metal4 = 1065 um.
#Total wire length on LAYER metal5 = 459 um.
#Total wire length on LAYER metal6 = 40 um.
#Total wire length on LAYER metal7 = 31 um.
#Total wire length on LAYER metal8 = 1 um.
#Total wire length on LAYER metal9 = 5 um.
#Total wire length on LAYER metal10 = 0 um.
#Total number of vias = 12625
#Up-Via Summary (total 12625):
#           
#-----------------------
# metal1           6856
# metal2           5405
# metal3            299
# metal4             38
# metal5             12
# metal6              9
# metal7              3
# metal8              3
#-----------------------
#                 12625 
#
#Total number of DRC violations = 0
#Cpu time = 00:00:12
#Elapsed time = 00:00:12
#Increased memory = 0.53 (MB)
#Total memory = 819.50 (MB)
#Peak memory = 875.41 (MB)
#
#Start Post Route wire spreading..
#
#Start DRC checking..
#   number of violations = 0
#cpu time = 00:00:01, elapsed time = 00:00:01, memory = 861.09 (MB), peak = 875.41 (MB)
#CELL_VIEW core,init has no DRC violation.
#Total number of DRC violations = 0
#
#Start data preparation for wire spreading...
#
#Data preparation is done on Wed Nov 26 23:26:24 2025
#
#
#Start Post Route Wire Spread.
#Done with 1430 horizontal wires in 1 hboxes and 1069 vertical wires in 1 hboxes.
#Complete Post Route Wire Spread.
#
#Total wire length = 45289 um.
#Total half perimeter of net bounding box = 37773 um.
#Total wire length on LAYER metal1 = 4947 um.
#Total wire length on LAYER metal2 = 21806 um.
#Total wire length on LAYER metal3 = 16925 um.
#Total wire length on LAYER metal4 = 1072 um.
#Total wire length on LAYER metal5 = 462 um.
#Total wire length on LAYER metal6 = 40 um.
#Total wire length on LAYER metal7 = 31 um.
#Total wire length on LAYER metal8 = 1 um.
#Total wire length on LAYER metal9 = 5 um.
#Total wire length on LAYER metal10 = 0 um.
#Total number of vias = 12625
#Up-Via Summary (total 12625):
#           
#-----------------------
# metal1           6856
# metal2           5405
# metal3            299
# metal4             38
# metal5             12
# metal6              9
# metal7              3
# metal8              3
#-----------------------
#                 12625 
#
#
#Start DRC checking..
#   number of violations = 0
#cpu time = 00:00:01, elapsed time = 00:00:01, memory = 861.21 (MB), peak = 875.41 (MB)
#CELL_VIEW core,init has no DRC violation.
#Total number of DRC violations = 0
#   number of violations = 0
#cpu time = 00:00:01, elapsed time = 00:00:01, memory = 821.68 (MB), peak = 875.41 (MB)
#CELL_VIEW core,init has no DRC violation.
#Total number of DRC violations = 0
#Post Route wire spread is done.
#Total wire length = 45289 um.
#Total half perimeter of net bounding box = 37773 um.
#Total wire length on LAYER metal1 = 4947 um.
#Total wire length on LAYER metal2 = 21806 um.
#Total wire length on LAYER metal3 = 16925 um.
#Total wire length on LAYER metal4 = 1072 um.
#Total wire length on LAYER metal5 = 462 um.
#Total wire length on LAYER metal6 = 40 um.
#Total wire length on LAYER metal7 = 31 um.
#Total wire length on LAYER metal8 = 1 um.
#Total wire length on LAYER metal9 = 5 um.
#Total wire length on LAYER metal10 = 0 um.
#Total number of vias = 12625
#Up-Via Summary (total 12625):
#           
#-----------------------
# metal1           6856
# metal2           5405
# metal3            299
# metal4             38
# metal5             12
# metal6              9
# metal7              3
# metal8              3
#-----------------------
#                 12625 
#
#detailRoute Statistics:
#Cpu time = 00:00:14
#Elapsed time = 00:00:14
#Increased memory = 0.58 (MB)
#Total memory = 819.55 (MB)
#Peak memory = 875.41 (MB)
#
#globalDetailRoute statistics:
#Cpu time = 00:00:15
#Elapsed time = 00:00:15
#Increased memory = 27.20 (MB)
#Total memory = 828.06 (MB)
#Peak memory = 875.41 (MB)
#Number of warnings = 42
#Total number of warnings = 43
#Number of fails = 0
#Total number of fails = 0
#Complete globalDetailRoute on Wed Nov 26 23:26:26 2025
#
#routeDesign: cpu time = 00:00:15, elapsed time = 00:00:15, memory = 828.37 (MB), peak = 875.41 (MB)

*** Summary of all messages that are not suppressed in this session:
Severity  ID               Count  Summary                                  
WARNING   IMPCK-8086           1  The command %s is obsolete and will be r...
*** Message Summary: 1 warning(s), 0 error(s)

<CMD> fit
<CMD> verifyGeometry
 *** Starting Verify Geometry (MEM: 954.4) ***

**WARN: (IMPVFG-257):	verifyGeometry command is replaced by verify_drc command. It still works in this release but will be removed in future release. Please update your script to use the new command.
  VERIFY GEOMETRY ...... Starting Verification
  VERIFY GEOMETRY ...... Initializing
  VERIFY GEOMETRY ...... Deleting Existing Violations
  VERIFY GEOMETRY ...... Creating Sub-Areas
                  ...... bin size: 2080
VG: elapsed time: 0.00
Begin Summary ...
  Cells       : 0
  SameNet     : 0
  Wiring      : 0
  Antenna     : 0
  Short       : 0
  Overlap     : 0
End Summary

  Verification Complete : 0 Viols.  0 Wrngs.

**********End: VERIFY GEOMETRY**********
 *** verify geometry (CPU: 0:00:00.3  MEM: 128.6M)

<CMD> verifyConnectivity -type all -noAntenna -noWeakConnect -noSoftPGConnect -error 1000 -warning 50
VERIFY_CONNECTIVITY use new engine.

******** Start: VERIFY CONNECTIVITY ********
Start Time: Wed Nov 26 23:26:56 2025

Design Name: core
Database Units: 2000
Design Boundary: (0.0000, 0.0000) (172.3300, 167.0100)
Error Limit = 1000; Warning Limit = 50
Check all nets

Begin Summary 
  Found no problems or warnings.
End Summary

End Time: Wed Nov 26 23:26:56 2025
Time Elapsed: 0:00:00.0

******** End: VERIFY CONNECTIVITY ********
  Verification Complete : 0 Viols.  0 Wrngs.
  (CPU Time: 0:00:00.1  MEM: 0.000M)

<CMD> report_area
<CMD> getIoFlowFlag

*** Memory Usage v#1 (Current mem = 1083.016M, initial mem = 186.469M) ***
*** Message Summary: 27 warning(s), 5 error(s)

--- Ending "Innovus" (totcpu=0:00:38.3, real=0:08:22, mem=1083.0M) ---
